sample.interval=20000
"findCenvVar" "getInlineInfo" "isBaseVar" "getFoldFun" "constantFoldCall" "constantFold" "cmp" "cmpPrim2" "h" "tryInline" "cmpCall" "cmp" "h" "tryInline" "cmpCall" "cmp" "h" "tryInline" "cmpCall" "cmp" "genCode" "cmpfun" "doTryCatch" "tryCatchOne" "tryCatchList" "tryCatch" "compiler:::tryCmpfun" "similar_route" 
"as.POSIXlt.POSIXct" "as.POSIXlt" "time_bins_readable" "similar_route" 
"as.POSIXlt.POSIXct" "as.POSIXlt" "time_bins_readable" "similar_route" 
"as.POSIXlt.POSIXct" "as.POSIXlt" "time_bins_readable" "similar_route" 
"as.POSIXlt.POSIXct" "as.POSIXlt" "time_bins_readable" "similar_route" 
"as.POSIXlt.POSIXct" "as.POSIXlt" "time_bins_readable" "similar_route" 
"as.POSIXlt.POSIXct" "as.POSIXlt" "time_bins_readable" "similar_route" 
"as.POSIXlt.POSIXct" "as.POSIXlt" "time_bins_readable" "similar_route" 
"as.POSIXlt.POSIXct" "as.POSIXlt" "time_bins_readable" "similar_route" 
"as.POSIXlt.POSIXct" "as.POSIXlt" "time_bins_readable" "similar_route" 
"as.POSIXlt.POSIXct" "as.POSIXlt" "time_bins_readable" "similar_route" 
"as.POSIXlt.POSIXct" "as.POSIXlt" "time_bins_readable" "similar_route" 
"as.POSIXlt.POSIXct" "as.POSIXlt" "time_bins_readable" "similar_route" 
"as.POSIXlt.POSIXct" "as.POSIXlt" "time_bins_readable" "similar_route" 
"as.POSIXlt.POSIXct" "as.POSIXlt" "time_bins_readable" "similar_route" 
"as.POSIXlt.POSIXct" "as.POSIXlt" "time_bins_readable" "similar_route" 
"as.POSIXlt.POSIXct" "as.POSIXlt" "time_bins_readable" "similar_route" 
"lapply" "sapply" "time_bins_readable" "similar_route" 
"FUN" "lapply" "sapply" "time_bins_readable" "similar_route" 
"%in%" "FUN" "lapply" "sapply" "time_bins_readable" "similar_route" 
"FUN" "lapply" "sapply" "time_bins_readable" "similar_route" 
"FUN" "lapply" "sapply" "time_bins_readable" "similar_route" 
"%in%" "FUN" "lapply" "sapply" "time_bins_readable" "similar_route" 
"%in%" "FUN" "lapply" "sapply" "time_bins_readable" "similar_route" 
"lapply" "sapply" "time_bins_readable" "similar_route" 
"FUN" "lapply" "sapply" "time_bins_readable" "similar_route" 
"lapply" "sapply" "time_bins_readable" "similar_route" 
"%in%" "FUN" "lapply" "sapply" "time_bins_readable" "similar_route" 
"FUN" "lapply" "sapply" "time_bins_readable" "similar_route" 
"%in%" "FUN" "lapply" "sapply" "time_bins_readable" "similar_route" 
"lapply" "sapply" "time_bins_readable" "similar_route" 
"FUN" "lapply" "sapply" "time_bins_readable" "similar_route" 
"%in%" "FUN" "lapply" "sapply" "time_bins_readable" "similar_route" 
"lapply" "sapply" "time_bins_readable" "similar_route" 
"lapply" "sapply" "time_bins_readable" "similar_route" 
"FUN" "lapply" "sapply" "time_bins_readable" "similar_route" 
"lapply" "sapply" "time_bins_readable" "similar_route" 
"lapply" "sapply" "time_bins_readable" "similar_route" 
"%in%" "FUN" "lapply" "sapply" "time_bins_readable" "similar_route" 
"%in%" "FUN" "lapply" "sapply" "time_bins_readable" "similar_route" 
"FUN" "lapply" "sapply" "time_bins_readable" "similar_route" 
"%in%" "FUN" "lapply" "sapply" "time_bins_readable" "similar_route" 
"FUN" "lapply" "sapply" "time_bins_readable" "similar_route" 
"lapply" "sapply" "time_bins_readable" "similar_route" 
"%in%" "FUN" "lapply" "sapply" "time_bins_readable" "similar_route" 
"%in%" "FUN" "lapply" "sapply" "time_bins_readable" "similar_route" 
"%in%" "FUN" "lapply" "sapply" "time_bins_readable" "similar_route" 
"FUN" "lapply" "sapply" "time_bins_readable" "similar_route" 
"FUN" "lapply" "sapply" "time_bins_readable" "similar_route" 
"lapply" "sapply" "time_bins_readable" "similar_route" 
"FUN" "lapply" "sapply" "time_bins_readable" "similar_route" 
"lapply" "sapply" "time_bins_readable" "similar_route" 
"%in%" "FUN" "lapply" "sapply" "time_bins_readable" "similar_route" 
"%in%" "FUN" "lapply" "sapply" "time_bins_readable" "similar_route" 
"FUN" "lapply" "sapply" "time_bins_readable" "similar_route" 
"%in%" "FUN" "lapply" "sapply" "time_bins_readable" "similar_route" 
"%in%" "FUN" "lapply" "sapply" "time_bins_readable" "similar_route" 
"%in%" "FUN" "lapply" "sapply" "time_bins_readable" "similar_route" 
"%in%" "FUN" "lapply" "sapply" "time_bins_readable" "similar_route" 
"FUN" "lapply" "sapply" "time_bins_readable" "similar_route" 
"%in%" "FUN" "lapply" "sapply" "time_bins_readable" "similar_route" 
"lapply" "sapply" "time_bins_readable" "similar_route" 
"FUN" "lapply" "sapply" "time_bins_readable" "similar_route" 
"lapply" "sapply" "time_bins_readable" "similar_route" 
"lapply" "sapply" "time_bins_readable" "similar_route" 
"%in%" "FUN" "lapply" "sapply" "time_bins_readable" "similar_route" 
"%in%" "FUN" "lapply" "sapply" "time_bins_readable" "similar_route" 
"%in%" "FUN" "lapply" "sapply" "time_bins_readable" "similar_route" 
"%in%" "FUN" "lapply" "sapply" "time_bins_readable" "similar_route" 
"lapply" "sapply" "time_bins_readable" "similar_route" 
"lapply" "sapply" "time_bins_readable" "similar_route" 
"FUN" "lapply" "sapply" "time_bins_readable" "similar_route" 
"%in%" "FUN" "lapply" "sapply" "time_bins_readable" "similar_route" 
"%in%" "FUN" "lapply" "sapply" "time_bins_readable" "similar_route" 
"FUN" "lapply" "sapply" "time_bins_readable" "similar_route" 
"FUN" "lapply" "sapply" "time_bins_readable" "similar_route" 
"%in%" "FUN" "lapply" "sapply" "time_bins_readable" "similar_route" 
"FUN" "lapply" "sapply" "time_bins_readable" "similar_route" 
"FUN" "lapply" "sapply" "time_bins_readable" "similar_route" 
"FUN" "lapply" "sapply" "time_bins_readable" "similar_route" 
"FUN" "lapply" "sapply" "time_bins_readable" "similar_route" 
"lapply" "sapply" "time_bins_readable" "similar_route" 
"FUN" "lapply" "sapply" "time_bins_readable" "similar_route" 
"FUN" "lapply" "sapply" "time_bins_readable" "similar_route" 
"FUN" "lapply" "sapply" "time_bins_readable" "similar_route" 
"FUN" "lapply" "sapply" "time_bins_readable" "similar_route" 
"%in%" "FUN" "lapply" "sapply" "time_bins_readable" "similar_route" 
"lapply" "sapply" "time_bins_readable" "similar_route" 
"FUN" "lapply" "sapply" "time_bins_readable" "similar_route" 
"FUN" "lapply" "sapply" "time_bins_readable" "similar_route" 
"FUN" "lapply" "sapply" "time_bins_readable" "similar_route" 
"FUN" "lapply" "sapply" "time_bins_readable" "similar_route" 
"FUN" "lapply" "sapply" "time_bins_readable" "similar_route" 
"%in%" "FUN" "lapply" "sapply" "time_bins_readable" "similar_route" 
"lapply" "sapply" "time_bins_readable" "similar_route" 
"lapply" "sapply" "time_bins_readable" "similar_route" 
"FUN" "lapply" "sapply" "time_bins_readable" "similar_route" 
"FUN" "lapply" "sapply" "time_bins_readable" "similar_route" 
"%in%" "FUN" "lapply" "sapply" "time_bins_readable" "similar_route" 
"lapply" "sapply" "time_bins_readable" "similar_route" 
"FUN" "lapply" "sapply" "time_bins_readable" "similar_route" 
"FUN" "lapply" "sapply" "time_bins_readable" "similar_route" 
"FUN" "lapply" "sapply" "time_bins_readable" "similar_route" 
"lapply" "sapply" "time_bins_readable" "similar_route" 
"FUN" "lapply" "sapply" "time_bins_readable" "similar_route" 
"FUN" "lapply" "sapply" "time_bins_readable" "similar_route" 
"%in%" "FUN" "lapply" "sapply" "time_bins_readable" "similar_route" 
"FUN" "lapply" "sapply" "time_bins_readable" "similar_route" 
"%in%" "FUN" "lapply" "sapply" "time_bins_readable" "similar_route" 
"FUN" "lapply" "sapply" "time_bins_readable" "similar_route" 
"lapply" "sapply" "time_bins_readable" "similar_route" 
"%in%" "FUN" "lapply" "sapply" "time_bins_readable" "similar_route" 
"%in%" "FUN" "lapply" "sapply" "time_bins_readable" "similar_route" 
"lapply" "sapply" "time_bins_readable" "similar_route" 
"lapply" "sapply" "time_bins_readable" "similar_route" 
"%in%" "FUN" "lapply" "sapply" "time_bins_readable" "similar_route" 
"lapply" "sapply" "time_bins_readable" "similar_route" 
"lapply" "sapply" "time_bins_readable" "similar_route" 
"lapply" "sapply" "time_bins_readable" "similar_route" 
"FUN" "lapply" "sapply" "time_bins_readable" "similar_route" 
"lapply" "sapply" "time_bins_readable" "similar_route" 
"lapply" "sapply" "time_bins_readable" "similar_route" 
"%in%" "FUN" "lapply" "sapply" "time_bins_readable" "similar_route" 
"lapply" "sapply" "time_bins_readable" "similar_route" 
"lapply" "sapply" "time_bins_readable" "similar_route" 
"lapply" "sapply" "time_bins_readable" "similar_route" 
"%in%" "FUN" "lapply" "sapply" "time_bins_readable" "similar_route" 
"FUN" "lapply" "sapply" "time_bins_readable" "similar_route" 
"FUN" "lapply" "sapply" "time_bins_readable" "similar_route" 
"lapply" "sapply" "time_bins_readable" "similar_route" 
"FUN" "lapply" "sapply" "time_bins_readable" "similar_route" 
"%in%" "FUN" "lapply" "sapply" "time_bins_readable" "similar_route" 
"lapply" "sapply" "time_bins_readable" "similar_route" 
"FUN" "lapply" "sapply" "time_bins_readable" "similar_route" 
"%in%" "FUN" "lapply" "sapply" "time_bins_readable" "similar_route" 
"%in%" "FUN" "lapply" "sapply" "time_bins_readable" "similar_route" 
"%in%" "FUN" "lapply" "sapply" "time_bins_readable" "similar_route" 
"FUN" "lapply" "sapply" "time_bins_readable" "similar_route" 
"FUN" "lapply" "sapply" "time_bins_readable" "similar_route" 
"FUN" "lapply" "sapply" "time_bins_readable" "similar_route" 
"FUN" "lapply" "sapply" "time_bins_readable" "similar_route" 
"FUN" "lapply" "sapply" "time_bins_readable" "similar_route" 
"lapply" "sapply" "time_bins_readable" "similar_route" 
"lapply" "sapply" "time_bins_readable" "similar_route" 
"lapply" "sapply" "time_bins_readable" "similar_route" 
"FUN" "lapply" "sapply" "time_bins_readable" "similar_route" 
"%in%" "FUN" "lapply" "sapply" "time_bins_readable" "similar_route" 
"lapply" "sapply" "time_bins_readable" "similar_route" 
"FUN" "lapply" "sapply" "time_bins_readable" "similar_route" 
"FUN" "lapply" "sapply" "time_bins_readable" "similar_route" 
"FUN" "lapply" "sapply" "time_bins_readable" "similar_route" 
"%in%" "FUN" "lapply" "sapply" "time_bins_readable" "similar_route" 
"%in%" "FUN" "lapply" "sapply" "time_bins_readable" "similar_route" 
"FUN" "lapply" "sapply" "time_bins_readable" "similar_route" 
"%in%" "FUN" "lapply" "sapply" "time_bins_readable" "similar_route" 
"%in%" "FUN" "lapply" "sapply" "time_bins_readable" "similar_route" 
"%in%" "FUN" "lapply" "sapply" "time_bins_readable" "similar_route" 
"lapply" "sapply" "time_bins_readable" "similar_route" 
"%in%" "FUN" "lapply" "sapply" "time_bins_readable" "similar_route" 
"FUN" "lapply" "sapply" "time_bins_readable" "similar_route" 
"lapply" "sapply" "time_bins_readable" "similar_route" 
"lapply" "sapply" "time_bins_readable" "similar_route" 
"lapply" "sapply" "time_bins_readable" "similar_route" 
"%in%" "FUN" "lapply" "sapply" "time_bins_readable" "similar_route" 
"%in%" "FUN" "lapply" "sapply" "time_bins_readable" "similar_route" 
"lapply" "sapply" "time_bins_readable" "similar_route" 
"%in%" "FUN" "lapply" "sapply" "time_bins_readable" "similar_route" 
"%in%" "FUN" "lapply" "sapply" "time_bins_readable" "similar_route" 
"%in%" "FUN" "lapply" "sapply" "time_bins_readable" "similar_route" 
"%in%" "FUN" "lapply" "sapply" "time_bins_readable" "similar_route" 
"%in%" "FUN" "lapply" "sapply" "time_bins_readable" "similar_route" 
"FUN" "lapply" "sapply" "time_bins_readable" "similar_route" 
"FUN" "lapply" "sapply" "time_bins_readable" "similar_route" 
"%in%" "FUN" "lapply" "sapply" "time_bins_readable" "similar_route" 
"%in%" "FUN" "lapply" "sapply" "time_bins_readable" "similar_route" 
"%in%" "FUN" "lapply" "sapply" "time_bins_readable" "similar_route" 
"FUN" "lapply" "sapply" "time_bins_readable" "similar_route" 
"lapply" "sapply" "time_bins_readable" "similar_route" 
"%in%" "FUN" "lapply" "sapply" "time_bins_readable" "similar_route" 
"FUN" "lapply" "sapply" "time_bins_readable" "similar_route" 
"FUN" "lapply" "sapply" "time_bins_readable" "similar_route" 
"FUN" "lapply" "sapply" "time_bins_readable" "similar_route" 
"FUN" "lapply" "sapply" "time_bins_readable" "similar_route" 
"lapply" "sapply" "time_bins_readable" "similar_route" 
"%in%" "FUN" "lapply" "sapply" "time_bins_readable" "similar_route" 
"FUN" "lapply" "sapply" "time_bins_readable" "similar_route" 
"FUN" "lapply" "sapply" "time_bins_readable" "similar_route" 
"FUN" "lapply" "sapply" "time_bins_readable" "similar_route" 
"%in%" "FUN" "lapply" "sapply" "time_bins_readable" "similar_route" 
"%in%" "FUN" "lapply" "sapply" "time_bins_readable" "similar_route" 
"%in%" "FUN" "lapply" "sapply" "time_bins_readable" "similar_route" 
"%in%" "FUN" "lapply" "sapply" "time_bins_readable" "similar_route" 
"FUN" "lapply" "sapply" "time_bins_readable" "similar_route" 
"FUN" "lapply" "sapply" "time_bins_readable" "similar_route" 
"lapply" "sapply" "time_bins_readable" "similar_route" 
"%in%" "FUN" "lapply" "sapply" "time_bins_readable" "similar_route" 
"FUN" "lapply" "sapply" "time_bins_readable" "similar_route" 
"FUN" "lapply" "sapply" "time_bins_readable" "similar_route" 
"FUN" "lapply" "sapply" "time_bins_readable" "similar_route" 
"lapply" "sapply" "time_bins_readable" "similar_route" 
"%in%" "FUN" "lapply" "sapply" "time_bins_readable" "similar_route" 
"%in%" "FUN" "lapply" "sapply" "time_bins_readable" "similar_route" 
"%in%" "FUN" "lapply" "sapply" "time_bins_readable" "similar_route" 
"lapply" "sapply" "time_bins_readable" "similar_route" 
"%in%" "FUN" "lapply" "sapply" "time_bins_readable" "similar_route" 
"%in%" "FUN" "lapply" "sapply" "time_bins_readable" "similar_route" 
"%in%" "FUN" "lapply" "sapply" "time_bins_readable" "similar_route" 
"%in%" "FUN" "lapply" "sapply" "time_bins_readable" "similar_route" 
"FUN" "lapply" "sapply" "time_bins_readable" "similar_route" 
"%in%" "FUN" "lapply" "sapply" "time_bins_readable" "similar_route" 
"FUN" "lapply" "sapply" "time_bins_readable" "similar_route" 
"FUN" "lapply" "sapply" "time_bins_readable" "similar_route" 
"FUN" "lapply" "sapply" "time_bins_readable" "similar_route" 
"FUN" "lapply" "sapply" "time_bins_readable" "similar_route" 
"%in%" "FUN" "lapply" "sapply" "time_bins_readable" "similar_route" 
"lapply" "sapply" "time_bins_readable" "similar_route" 
"%in%" "FUN" "lapply" "sapply" "time_bins_readable" "similar_route" 
"FUN" "lapply" "sapply" "time_bins_readable" "similar_route" 
"%in%" "FUN" "lapply" "sapply" "time_bins_readable" "similar_route" 
"%in%" "FUN" "lapply" "sapply" "time_bins_readable" "similar_route" 
"lapply" "sapply" "time_bins_readable" "similar_route" 
"FUN" "lapply" "sapply" "time_bins_readable" "similar_route" 
"FUN" "lapply" "sapply" "time_bins_readable" "similar_route" 
"FUN" "lapply" "sapply" "time_bins_readable" "similar_route" 
"unique.default" "unique" "simplify2array" "sapply" "time_bins_readable" "similar_route" 
"unlist" "simplify2array" "sapply" "time_bins_readable" "similar_route" 
"copy" "$<-.data.table" "$<-" "similar_route" 
"set" "$<-.data.table" "$<-" "similar_route" 
"$" "getInlineInfo" "tryInline" "cmpCall" "cmp" "genCode" "cb$putconst" "cmpCallArgs" "cmpCallSymFun" "cmpCall" "cmp" "cmpSymbolAssign" "h" "tryInline" "cmpCall" "cmp" "h" "tryInline" "cmpCall" "cmp" "cmpBuiltinArgs" "cmpDispatch" "h" "tryInline" "cmpCall" "cmp" "cmpSymbolAssign" "h" "tryInline" "cmpCall" "cmp" "h" "tryInline" "cmpCall" "cmp" "genCode" "cmpfun" "doTryCatch" "tryCatchOne" "tryCatchList" "tryCatch" "compiler:::tryCmpfun" "similar_route.normal" "similar_route" 
"cb$putcode" "cmpBuiltinArgs" "h" "tryInline" "cmpCall" "cmp" "cmpPrim2" "h" "tryInline" "cmpCall" "cmp" "h" "tryInline" "cmpCall" "cmp" "h" "tryInline" "cmpCall" "cmp" "cmpBuiltinArgs" "cmpDispatch" "h" "tryInline" "cmpCall" "cmp" "cmpSymbolAssign" "h" "tryInline" "cmpCall" "cmp" "h" "tryInline" "cmpCall" "cmp" "cmpForBody" "h" "tryInline" "cmpCall" "cmp" "h" "tryInline" "cmpCall" "cmp" "cmpBuiltinArgs" "cmpDispatch" "h" "tryInline" "cmpCall" "cmp" "cmpSymbolAssign" "h" "tryInline" "cmpCall" "cmp" "h" "tryInline" "cmpCall" "cmp" "genCode" "cmpfun" "doTryCatch" "tryCatchOne" "tryCatchList" "tryCatch" "compiler:::tryCmpfun" "similar_route.normal" "similar_route" 
"copy" "recycle" "as.data.table.list" "data.table" "get_timeBin_x_edges" "similar_route.normal" "similar_route" 
"copy" "recycle" "as.data.table.list" "data.table" "get_timeBin_x_edges" "similar_route.normal" "similar_route" 
"copy" "$<-.data.table" "$<-" "get_timeBin_x_edges" "similar_route.normal" "similar_route" 
"as.POSIXlt.POSIXct" "as.POSIXlt" "time_bins_readable" "get_timeBin_x_edges" "similar_route.normal" "similar_route" 
"as.POSIXlt.POSIXct" "as.POSIXlt" "time_bins_readable" "get_timeBin_x_edges" "similar_route.normal" "similar_route" 
"as.POSIXlt.POSIXct" "as.POSIXlt" "time_bins_readable" "get_timeBin_x_edges" "similar_route.normal" "similar_route" 
"as.POSIXlt.POSIXct" "as.POSIXlt" "time_bins_readable" "get_timeBin_x_edges" "similar_route.normal" "similar_route" 
"as.POSIXlt.POSIXct" "as.POSIXlt" "time_bins_readable" "get_timeBin_x_edges" "similar_route.normal" "similar_route" 
"as.POSIXlt.POSIXct" "as.POSIXlt" "time_bins_readable" "get_timeBin_x_edges" "similar_route.normal" "similar_route" 
"as.POSIXlt.POSIXct" "as.POSIXlt" "time_bins_readable" "get_timeBin_x_edges" "similar_route.normal" "similar_route" 
"as.POSIXlt.POSIXct" "as.POSIXlt" "time_bins_readable" "get_timeBin_x_edges" "similar_route.normal" "similar_route" 
"as.POSIXlt.POSIXct" "as.POSIXlt" "time_bins_readable" "get_timeBin_x_edges" "similar_route.normal" "similar_route" 
"as.POSIXlt.POSIXct" "as.POSIXlt" "time_bins_readable" "get_timeBin_x_edges" "similar_route.normal" "similar_route" 
"as.POSIXlt.POSIXct" "as.POSIXlt" "time_bins_readable" "get_timeBin_x_edges" "similar_route.normal" "similar_route" 
"as.POSIXlt.POSIXct" "as.POSIXlt" "time_bins_readable" "get_timeBin_x_edges" "similar_route.normal" "similar_route" 
"as.POSIXlt.POSIXct" "as.POSIXlt" "time_bins_readable" "get_timeBin_x_edges" "similar_route.normal" "similar_route" 
"FUN" "lapply" "sapply" "time_bins_readable" "get_timeBin_x_edges" "similar_route.normal" "similar_route" 
"FUN" "lapply" "sapply" "time_bins_readable" "get_timeBin_x_edges" "similar_route.normal" "similar_route" 
"FUN" "lapply" "sapply" "time_bins_readable" "get_timeBin_x_edges" "similar_route.normal" "similar_route" 
"FUN" "lapply" "sapply" "time_bins_readable" "get_timeBin_x_edges" "similar_route.normal" "similar_route" 
"%in%" "FUN" "lapply" "sapply" "time_bins_readable" "get_timeBin_x_edges" "similar_route.normal" "similar_route" 
"FUN" "lapply" "sapply" "time_bins_readable" "get_timeBin_x_edges" "similar_route.normal" "similar_route" 
"%in%" "FUN" "lapply" "sapply" "time_bins_readable" "get_timeBin_x_edges" "similar_route.normal" "similar_route" 
"FUN" "lapply" "sapply" "time_bins_readable" "get_timeBin_x_edges" "similar_route.normal" "similar_route" 
"%in%" "FUN" "lapply" "sapply" "time_bins_readable" "get_timeBin_x_edges" "similar_route.normal" "similar_route" 
"%in%" "FUN" "lapply" "sapply" "time_bins_readable" "get_timeBin_x_edges" "similar_route.normal" "similar_route" 
"FUN" "lapply" "sapply" "time_bins_readable" "get_timeBin_x_edges" "similar_route.normal" "similar_route" 
"lapply" "sapply" "time_bins_readable" "get_timeBin_x_edges" "similar_route.normal" "similar_route" 
"FUN" "lapply" "sapply" "time_bins_readable" "get_timeBin_x_edges" "similar_route.normal" "similar_route" 
"lapply" "sapply" "time_bins_readable" "get_timeBin_x_edges" "similar_route.normal" "similar_route" 
"lapply" "sapply" "time_bins_readable" "get_timeBin_x_edges" "similar_route.normal" "similar_route" 
"FUN" "lapply" "sapply" "time_bins_readable" "get_timeBin_x_edges" "similar_route.normal" "similar_route" 
"FUN" "lapply" "sapply" "time_bins_readable" "get_timeBin_x_edges" "similar_route.normal" "similar_route" 
"lapply" "sapply" "time_bins_readable" "get_timeBin_x_edges" "similar_route.normal" "similar_route" 
"lapply" "sapply" "time_bins_readable" "get_timeBin_x_edges" "similar_route.normal" "similar_route" 
"lapply" "sapply" "time_bins_readable" "get_timeBin_x_edges" "similar_route.normal" "similar_route" 
"lapply" "sapply" "time_bins_readable" "get_timeBin_x_edges" "similar_route.normal" "similar_route" 
"%in%" "FUN" "lapply" "sapply" "time_bins_readable" "get_timeBin_x_edges" "similar_route.normal" "similar_route" 
"FUN" "lapply" "sapply" "time_bins_readable" "get_timeBin_x_edges" "similar_route.normal" "similar_route" 
"%in%" "FUN" "lapply" "sapply" "time_bins_readable" "get_timeBin_x_edges" "similar_route.normal" "similar_route" 
"%in%" "FUN" "lapply" "sapply" "time_bins_readable" "get_timeBin_x_edges" "similar_route.normal" "similar_route" 
"lapply" "sapply" "time_bins_readable" "get_timeBin_x_edges" "similar_route.normal" "similar_route" 
"FUN" "lapply" "sapply" "time_bins_readable" "get_timeBin_x_edges" "similar_route.normal" "similar_route" 
"%in%" "FUN" "lapply" "sapply" "time_bins_readable" "get_timeBin_x_edges" "similar_route.normal" "similar_route" 
"%in%" "FUN" "lapply" "sapply" "time_bins_readable" "get_timeBin_x_edges" "similar_route.normal" "similar_route" 
"%in%" "FUN" "lapply" "sapply" "time_bins_readable" "get_timeBin_x_edges" "similar_route.normal" "similar_route" 
"FUN" "lapply" "sapply" "time_bins_readable" "get_timeBin_x_edges" "similar_route.normal" "similar_route" 
"lapply" "sapply" "time_bins_readable" "get_timeBin_x_edges" "similar_route.normal" "similar_route" 
"FUN" "lapply" "sapply" "time_bins_readable" "get_timeBin_x_edges" "similar_route.normal" "similar_route" 
"%in%" "FUN" "lapply" "sapply" "time_bins_readable" "get_timeBin_x_edges" "similar_route.normal" "similar_route" 
"FUN" "lapply" "sapply" "time_bins_readable" "get_timeBin_x_edges" "similar_route.normal" "similar_route" 
"lapply" "sapply" "time_bins_readable" "get_timeBin_x_edges" "similar_route.normal" "similar_route" 
"lapply" "sapply" "time_bins_readable" "get_timeBin_x_edges" "similar_route.normal" "similar_route" 
"%in%" "FUN" "lapply" "sapply" "time_bins_readable" "get_timeBin_x_edges" "similar_route.normal" "similar_route" 
"FUN" "lapply" "sapply" "time_bins_readable" "get_timeBin_x_edges" "similar_route.normal" "similar_route" 
"lapply" "sapply" "time_bins_readable" "get_timeBin_x_edges" "similar_route.normal" "similar_route" 
"%in%" "FUN" "lapply" "sapply" "time_bins_readable" "get_timeBin_x_edges" "similar_route.normal" "similar_route" 
"FUN" "lapply" "sapply" "time_bins_readable" "get_timeBin_x_edges" "similar_route.normal" "similar_route" 
"FUN" "lapply" "sapply" "time_bins_readable" "get_timeBin_x_edges" "similar_route.normal" "similar_route" 
"FUN" "lapply" "sapply" "time_bins_readable" "get_timeBin_x_edges" "similar_route.normal" "similar_route" 
"FUN" "lapply" "sapply" "time_bins_readable" "get_timeBin_x_edges" "similar_route.normal" "similar_route" 
"FUN" "lapply" "sapply" "time_bins_readable" "get_timeBin_x_edges" "similar_route.normal" "similar_route" 
"lapply" "sapply" "time_bins_readable" "get_timeBin_x_edges" "similar_route.normal" "similar_route" 
"FUN" "lapply" "sapply" "time_bins_readable" "get_timeBin_x_edges" "similar_route.normal" "similar_route" 
"%in%" "FUN" "lapply" "sapply" "time_bins_readable" "get_timeBin_x_edges" "similar_route.normal" "similar_route" 
"%in%" "FUN" "lapply" "sapply" "time_bins_readable" "get_timeBin_x_edges" "similar_route.normal" "similar_route" 
"lapply" "sapply" "time_bins_readable" "get_timeBin_x_edges" "similar_route.normal" "similar_route" 
"%in%" "FUN" "lapply" "sapply" "time_bins_readable" "get_timeBin_x_edges" "similar_route.normal" "similar_route" 
"%in%" "FUN" "lapply" "sapply" "time_bins_readable" "get_timeBin_x_edges" "similar_route.normal" "similar_route" 
"FUN" "lapply" "sapply" "time_bins_readable" "get_timeBin_x_edges" "similar_route.normal" "similar_route" 
"FUN" "lapply" "sapply" "time_bins_readable" "get_timeBin_x_edges" "similar_route.normal" "similar_route" 
"%in%" "FUN" "lapply" "sapply" "time_bins_readable" "get_timeBin_x_edges" "similar_route.normal" "similar_route" 
"lapply" "sapply" "time_bins_readable" "get_timeBin_x_edges" "similar_route.normal" "similar_route" 
"lapply" "sapply" "time_bins_readable" "get_timeBin_x_edges" "similar_route.normal" "similar_route" 
"FUN" "lapply" "sapply" "time_bins_readable" "get_timeBin_x_edges" "similar_route.normal" "similar_route" 
"FUN" "lapply" "sapply" "time_bins_readable" "get_timeBin_x_edges" "similar_route.normal" "similar_route" 
"FUN" "lapply" "sapply" "time_bins_readable" "get_timeBin_x_edges" "similar_route.normal" "similar_route" 
"FUN" "lapply" "sapply" "time_bins_readable" "get_timeBin_x_edges" "similar_route.normal" "similar_route" 
"%in%" "FUN" "lapply" "sapply" "time_bins_readable" "get_timeBin_x_edges" "similar_route.normal" "similar_route" 
"lapply" "sapply" "time_bins_readable" "get_timeBin_x_edges" "similar_route.normal" "similar_route" 
"FUN" "lapply" "sapply" "time_bins_readable" "get_timeBin_x_edges" "similar_route.normal" "similar_route" 
"FUN" "lapply" "sapply" "time_bins_readable" "get_timeBin_x_edges" "similar_route.normal" "similar_route" 
"%in%" "FUN" "lapply" "sapply" "time_bins_readable" "get_timeBin_x_edges" "similar_route.normal" "similar_route" 
"%in%" "FUN" "lapply" "sapply" "time_bins_readable" "get_timeBin_x_edges" "similar_route.normal" "similar_route" 
"lapply" "sapply" "time_bins_readable" "get_timeBin_x_edges" "similar_route.normal" "similar_route" 
"%in%" "FUN" "lapply" "sapply" "time_bins_readable" "get_timeBin_x_edges" "similar_route.normal" "similar_route" 
"%in%" "FUN" "lapply" "sapply" "time_bins_readable" "get_timeBin_x_edges" "similar_route.normal" "similar_route" 
"lapply" "sapply" "time_bins_readable" "get_timeBin_x_edges" "similar_route.normal" "similar_route" 
"FUN" "lapply" "sapply" "time_bins_readable" "get_timeBin_x_edges" "similar_route.normal" "similar_route" 
"%in%" "FUN" "lapply" "sapply" "time_bins_readable" "get_timeBin_x_edges" "similar_route.normal" "similar_route" 
"FUN" "lapply" "sapply" "time_bins_readable" "get_timeBin_x_edges" "similar_route.normal" "similar_route" 
"FUN" "lapply" "sapply" "time_bins_readable" "get_timeBin_x_edges" "similar_route.normal" "similar_route" 
"%in%" "FUN" "lapply" "sapply" "time_bins_readable" "get_timeBin_x_edges" "similar_route.normal" "similar_route" 
"%in%" "FUN" "lapply" "sapply" "time_bins_readable" "get_timeBin_x_edges" "similar_route.normal" "similar_route" 
"%in%" "FUN" "lapply" "sapply" "time_bins_readable" "get_timeBin_x_edges" "similar_route.normal" "similar_route" 
"%in%" "FUN" "lapply" "sapply" "time_bins_readable" "get_timeBin_x_edges" "similar_route.normal" "similar_route" 
"%in%" "FUN" "lapply" "sapply" "time_bins_readable" "get_timeBin_x_edges" "similar_route.normal" "similar_route" 
"lapply" "sapply" "time_bins_readable" "get_timeBin_x_edges" "similar_route.normal" "similar_route" 
"%in%" "FUN" "lapply" "sapply" "time_bins_readable" "get_timeBin_x_edges" "similar_route.normal" "similar_route" 
"%in%" "FUN" "lapply" "sapply" "time_bins_readable" "get_timeBin_x_edges" "similar_route.normal" "similar_route" 
"lapply" "sapply" "time_bins_readable" "get_timeBin_x_edges" "similar_route.normal" "similar_route" 
"%in%" "FUN" "lapply" "sapply" "time_bins_readable" "get_timeBin_x_edges" "similar_route.normal" "similar_route" 
"%in%" "FUN" "lapply" "sapply" "time_bins_readable" "get_timeBin_x_edges" "similar_route.normal" "similar_route" 
"FUN" "lapply" "sapply" "time_bins_readable" "get_timeBin_x_edges" "similar_route.normal" "similar_route" 
"lapply" "sapply" "time_bins_readable" "get_timeBin_x_edges" "similar_route.normal" "similar_route" 
"%in%" "FUN" "lapply" "sapply" "time_bins_readable" "get_timeBin_x_edges" "similar_route.normal" "similar_route" 
"%in%" "FUN" "lapply" "sapply" "time_bins_readable" "get_timeBin_x_edges" "similar_route.normal" "similar_route" 
"FUN" "lapply" "sapply" "time_bins_readable" "get_timeBin_x_edges" "similar_route.normal" "similar_route" 
"%in%" "FUN" "lapply" "sapply" "time_bins_readable" "get_timeBin_x_edges" "similar_route.normal" "similar_route" 
"lapply" "sapply" "time_bins_readable" "get_timeBin_x_edges" "similar_route.normal" "similar_route" 
"FUN" "lapply" "sapply" "time_bins_readable" "get_timeBin_x_edges" "similar_route.normal" "similar_route" 
"lapply" "sapply" "time_bins_readable" "get_timeBin_x_edges" "similar_route.normal" "similar_route" 
"FUN" "lapply" "sapply" "time_bins_readable" "get_timeBin_x_edges" "similar_route.normal" "similar_route" 
"FUN" "lapply" "sapply" "time_bins_readable" "get_timeBin_x_edges" "similar_route.normal" "similar_route" 
"FUN" "lapply" "sapply" "time_bins_readable" "get_timeBin_x_edges" "similar_route.normal" "similar_route" 
"%in%" "FUN" "lapply" "sapply" "time_bins_readable" "get_timeBin_x_edges" "similar_route.normal" "similar_route" 
"FUN" "lapply" "sapply" "time_bins_readable" "get_timeBin_x_edges" "similar_route.normal" "similar_route" 
"FUN" "lapply" "sapply" "time_bins_readable" "get_timeBin_x_edges" "similar_route.normal" "similar_route" 
"FUN" "lapply" "sapply" "time_bins_readable" "get_timeBin_x_edges" "similar_route.normal" "similar_route" 
"%in%" "FUN" "lapply" "sapply" "time_bins_readable" "get_timeBin_x_edges" "similar_route.normal" "similar_route" 
"FUN" "lapply" "sapply" "time_bins_readable" "get_timeBin_x_edges" "similar_route.normal" "similar_route" 
"lapply" "sapply" "time_bins_readable" "get_timeBin_x_edges" "similar_route.normal" "similar_route" 
"lapply" "sapply" "time_bins_readable" "get_timeBin_x_edges" "similar_route.normal" "similar_route" 
"%in%" "FUN" "lapply" "sapply" "time_bins_readable" "get_timeBin_x_edges" "similar_route.normal" "similar_route" 
"lapply" "sapply" "time_bins_readable" "get_timeBin_x_edges" "similar_route.normal" "similar_route" 
"%in%" "FUN" "lapply" "sapply" "time_bins_readable" "get_timeBin_x_edges" "similar_route.normal" "similar_route" 
"FUN" "lapply" "sapply" "time_bins_readable" "get_timeBin_x_edges" "similar_route.normal" "similar_route" 
"FUN" "lapply" "sapply" "time_bins_readable" "get_timeBin_x_edges" "similar_route.normal" "similar_route" 
"%in%" "FUN" "lapply" "sapply" "time_bins_readable" "get_timeBin_x_edges" "similar_route.normal" "similar_route" 
"lapply" "sapply" "time_bins_readable" "get_timeBin_x_edges" "similar_route.normal" "similar_route" 
"FUN" "lapply" "sapply" "time_bins_readable" "get_timeBin_x_edges" "similar_route.normal" "similar_route" 
"FUN" "lapply" "sapply" "time_bins_readable" "get_timeBin_x_edges" "similar_route.normal" "similar_route" 
"%in%" "FUN" "lapply" "sapply" "time_bins_readable" "get_timeBin_x_edges" "similar_route.normal" "similar_route" 
"lapply" "sapply" "time_bins_readable" "get_timeBin_x_edges" "similar_route.normal" "similar_route" 
"%in%" "FUN" "lapply" "sapply" "time_bins_readable" "get_timeBin_x_edges" "similar_route.normal" "similar_route" 
"%in%" "FUN" "lapply" "sapply" "time_bins_readable" "get_timeBin_x_edges" "similar_route.normal" "similar_route" 
"lapply" "sapply" "time_bins_readable" "get_timeBin_x_edges" "similar_route.normal" "similar_route" 
"%in%" "FUN" "lapply" "sapply" "time_bins_readable" "get_timeBin_x_edges" "similar_route.normal" "similar_route" 
"lapply" "sapply" "time_bins_readable" "get_timeBin_x_edges" "similar_route.normal" "similar_route" 
"%in%" "FUN" "lapply" "sapply" "time_bins_readable" "get_timeBin_x_edges" "similar_route.normal" "similar_route" 
"FUN" "lapply" "sapply" "time_bins_readable" "get_timeBin_x_edges" "similar_route.normal" "similar_route" 
"FUN" "lapply" "sapply" "time_bins_readable" "get_timeBin_x_edges" "similar_route.normal" "similar_route" 
"FUN" "lapply" "sapply" "time_bins_readable" "get_timeBin_x_edges" "similar_route.normal" "similar_route" 
"FUN" "lapply" "sapply" "time_bins_readable" "get_timeBin_x_edges" "similar_route.normal" "similar_route" 
"lapply" "sapply" "time_bins_readable" "get_timeBin_x_edges" "similar_route.normal" "similar_route" 
"FUN" "lapply" "sapply" "time_bins_readable" "get_timeBin_x_edges" "similar_route.normal" "similar_route" 
"FUN" "lapply" "sapply" "time_bins_readable" "get_timeBin_x_edges" "similar_route.normal" "similar_route" 
"FUN" "lapply" "sapply" "time_bins_readable" "get_timeBin_x_edges" "similar_route.normal" "similar_route" 
"FUN" "lapply" "sapply" "time_bins_readable" "get_timeBin_x_edges" "similar_route.normal" "similar_route" 
"FUN" "lapply" "sapply" "time_bins_readable" "get_timeBin_x_edges" "similar_route.normal" "similar_route" 
"lapply" "sapply" "time_bins_readable" "get_timeBin_x_edges" "similar_route.normal" "similar_route" 
"FUN" "lapply" "sapply" "time_bins_readable" "get_timeBin_x_edges" "similar_route.normal" "similar_route" 
"%in%" "FUN" "lapply" "sapply" "time_bins_readable" "get_timeBin_x_edges" "similar_route.normal" "similar_route" 
"lapply" "sapply" "time_bins_readable" "get_timeBin_x_edges" "similar_route.normal" "similar_route" 
"%in%" "FUN" "lapply" "sapply" "time_bins_readable" "get_timeBin_x_edges" "similar_route.normal" "similar_route" 
"lapply" "sapply" "time_bins_readable" "get_timeBin_x_edges" "similar_route.normal" "similar_route" 
"FUN" "lapply" "sapply" "time_bins_readable" "get_timeBin_x_edges" "similar_route.normal" "similar_route" 
"FUN" "lapply" "sapply" "time_bins_readable" "get_timeBin_x_edges" "similar_route.normal" "similar_route" 
"%in%" "FUN" "lapply" "sapply" "time_bins_readable" "get_timeBin_x_edges" "similar_route.normal" "similar_route" 
"%in%" "FUN" "lapply" "sapply" "time_bins_readable" "get_timeBin_x_edges" "similar_route.normal" "similar_route" 
"%in%" "FUN" "lapply" "sapply" "time_bins_readable" "get_timeBin_x_edges" "similar_route.normal" "similar_route" 
"FUN" "lapply" "sapply" "time_bins_readable" "get_timeBin_x_edges" "similar_route.normal" "similar_route" 
"FUN" "lapply" "sapply" "time_bins_readable" "get_timeBin_x_edges" "similar_route.normal" "similar_route" 
"%in%" "FUN" "lapply" "sapply" "time_bins_readable" "get_timeBin_x_edges" "similar_route.normal" "similar_route" 
"FUN" "lapply" "sapply" "time_bins_readable" "get_timeBin_x_edges" "similar_route.normal" "similar_route" 
"FUN" "lapply" "sapply" "time_bins_readable" "get_timeBin_x_edges" "similar_route.normal" "similar_route" 
"%in%" "FUN" "lapply" "sapply" "time_bins_readable" "get_timeBin_x_edges" "similar_route.normal" "similar_route" 
"FUN" "lapply" "sapply" "time_bins_readable" "get_timeBin_x_edges" "similar_route.normal" "similar_route" 
"%in%" "FUN" "lapply" "sapply" "time_bins_readable" "get_timeBin_x_edges" "similar_route.normal" "similar_route" 
"FUN" "lapply" "sapply" "time_bins_readable" "get_timeBin_x_edges" "similar_route.normal" "similar_route" 
"lapply" "sapply" "time_bins_readable" "get_timeBin_x_edges" "similar_route.normal" "similar_route" 
"%in%" "FUN" "lapply" "sapply" "time_bins_readable" "get_timeBin_x_edges" "similar_route.normal" "similar_route" 
"FUN" "lapply" "sapply" "time_bins_readable" "get_timeBin_x_edges" "similar_route.normal" "similar_route" 
"FUN" "lapply" "sapply" "time_bins_readable" "get_timeBin_x_edges" "similar_route.normal" "similar_route" 
"FUN" "lapply" "sapply" "time_bins_readable" "get_timeBin_x_edges" "similar_route.normal" "similar_route" 
"FUN" "lapply" "sapply" "time_bins_readable" "get_timeBin_x_edges" "similar_route.normal" "similar_route" 
"FUN" "lapply" "sapply" "time_bins_readable" "get_timeBin_x_edges" "similar_route.normal" "similar_route" 
"FUN" "lapply" "sapply" "time_bins_readable" "get_timeBin_x_edges" "similar_route.normal" "similar_route" 
"FUN" "lapply" "sapply" "time_bins_readable" "get_timeBin_x_edges" "similar_route.normal" "similar_route" 
"FUN" "lapply" "sapply" "time_bins_readable" "get_timeBin_x_edges" "similar_route.normal" "similar_route" 
"%in%" "FUN" "lapply" "sapply" "time_bins_readable" "get_timeBin_x_edges" "similar_route.normal" "similar_route" 
"FUN" "lapply" "sapply" "time_bins_readable" "get_timeBin_x_edges" "similar_route.normal" "similar_route" 
"FUN" "lapply" "sapply" "time_bins_readable" "get_timeBin_x_edges" "similar_route.normal" "similar_route" 
"%in%" "FUN" "lapply" "sapply" "time_bins_readable" "get_timeBin_x_edges" "similar_route.normal" "similar_route" 
"FUN" "lapply" "sapply" "time_bins_readable" "get_timeBin_x_edges" "similar_route.normal" "similar_route" 
"lapply" "sapply" "time_bins_readable" "get_timeBin_x_edges" "similar_route.normal" "similar_route" 
"FUN" "lapply" "sapply" "time_bins_readable" "get_timeBin_x_edges" "similar_route.normal" "similar_route" 
"FUN" "lapply" "sapply" "time_bins_readable" "get_timeBin_x_edges" "similar_route.normal" "similar_route" 
"lapply" "sapply" "time_bins_readable" "get_timeBin_x_edges" "similar_route.normal" "similar_route" 
"lapply" "sapply" "time_bins_readable" "get_timeBin_x_edges" "similar_route.normal" "similar_route" 
"lapply" "sapply" "time_bins_readable" "get_timeBin_x_edges" "similar_route.normal" "similar_route" 
"FUN" "lapply" "sapply" "time_bins_readable" "get_timeBin_x_edges" "similar_route.normal" "similar_route" 
"FUN" "lapply" "sapply" "time_bins_readable" "get_timeBin_x_edges" "similar_route.normal" "similar_route" 
"FUN" "lapply" "sapply" "time_bins_readable" "get_timeBin_x_edges" "similar_route.normal" "similar_route" 
"FUN" "lapply" "sapply" "time_bins_readable" "get_timeBin_x_edges" "similar_route.normal" "similar_route" 
"FUN" "lapply" "sapply" "time_bins_readable" "get_timeBin_x_edges" "similar_route.normal" "similar_route" 
"%in%" "FUN" "lapply" "sapply" "time_bins_readable" "get_timeBin_x_edges" "similar_route.normal" "similar_route" 
"%in%" "FUN" "lapply" "sapply" "time_bins_readable" "get_timeBin_x_edges" "similar_route.normal" "similar_route" 
"lapply" "sapply" "time_bins_readable" "get_timeBin_x_edges" "similar_route.normal" "similar_route" 
"%in%" "FUN" "lapply" "sapply" "time_bins_readable" "get_timeBin_x_edges" "similar_route.normal" "similar_route" 
"%in%" "FUN" "lapply" "sapply" "time_bins_readable" "get_timeBin_x_edges" "similar_route.normal" "similar_route" 
"%in%" "FUN" "lapply" "sapply" "time_bins_readable" "get_timeBin_x_edges" "similar_route.normal" "similar_route" 
"%in%" "FUN" "lapply" "sapply" "time_bins_readable" "get_timeBin_x_edges" "similar_route.normal" "similar_route" 
"FUN" "lapply" "sapply" "time_bins_readable" "get_timeBin_x_edges" "similar_route.normal" "similar_route" 
"FUN" "lapply" "sapply" "time_bins_readable" "get_timeBin_x_edges" "similar_route.normal" "similar_route" 
"FUN" "lapply" "sapply" "time_bins_readable" "get_timeBin_x_edges" "similar_route.normal" "similar_route" 
"lapply" "sapply" "time_bins_readable" "get_timeBin_x_edges" "similar_route.normal" "similar_route" 
"lapply" "sapply" "time_bins_readable" "get_timeBin_x_edges" "similar_route.normal" "similar_route" 
"lapply" "sapply" "time_bins_readable" "get_timeBin_x_edges" "similar_route.normal" "similar_route" 
"lapply" "sapply" "time_bins_readable" "get_timeBin_x_edges" "similar_route.normal" "similar_route" 
"%in%" "FUN" "lapply" "sapply" "time_bins_readable" "get_timeBin_x_edges" "similar_route.normal" "similar_route" 
"lapply" "sapply" "time_bins_readable" "get_timeBin_x_edges" "similar_route.normal" "similar_route" 
"FUN" "lapply" "sapply" "time_bins_readable" "get_timeBin_x_edges" "similar_route.normal" "similar_route" 
"lapply" "sapply" "time_bins_readable" "get_timeBin_x_edges" "similar_route.normal" "similar_route" 
"FUN" "lapply" "sapply" "time_bins_readable" "get_timeBin_x_edges" "similar_route.normal" "similar_route" 
"FUN" "lapply" "sapply" "time_bins_readable" "get_timeBin_x_edges" "similar_route.normal" "similar_route" 
"FUN" "lapply" "sapply" "time_bins_readable" "get_timeBin_x_edges" "similar_route.normal" "similar_route" 
"FUN" "lapply" "sapply" "time_bins_readable" "get_timeBin_x_edges" "similar_route.normal" "similar_route" 
"lapply" "sapply" "time_bins_readable" "get_timeBin_x_edges" "similar_route.normal" "similar_route" 
"unique.default" "unique" "simplify2array" "sapply" "time_bins_readable" "get_timeBin_x_edges" "similar_route.normal" "similar_route" 
"unlist" "simplify2array" "sapply" "time_bins_readable" "get_timeBin_x_edges" "similar_route.normal" "similar_route" 
"unlist" "simplify2array" "sapply" "time_bins_readable" "get_timeBin_x_edges" "similar_route.normal" "similar_route" 
"copy" "$<-.data.table" "$<-" "get_timeBin_x_edges" "similar_route.normal" "similar_route" 
"set" "$<-.data.table" "$<-" "get_timeBin_x_edges" "similar_route.normal" "similar_route" 
"as.POSIXct" "difftime" ".Call" "[.data.table" "[" "get_timeBin_x_edges" "similar_route.normal" "similar_route" 
"sys.frame" "eval" "match.arg" "shift" "as.POSIXct" "difftime" ".Call" "[.data.table" "[" "get_timeBin_x_edges" "similar_route.normal" "similar_route" 
"eval" "match.arg" "difftime" ".Call" "[.data.table" "[" "get_timeBin_x_edges" "similar_route.normal" "similar_route" 
".Call" "[.data.table" "[" "get_timeBin_x_edges" "similar_route.normal" "similar_route" 
"as.double.difftime" "as.numeric" "as.numeric" ".Call" "[.data.table" "[" "get_timeBin_x_edges" "similar_route.normal" "similar_route" 
"shift" "as.POSIXct" "difftime" ".Call" "[.data.table" "[" "get_timeBin_x_edges" "similar_route.normal" "similar_route" 
"shift" "as.POSIXct" "difftime" ".Call" "[.data.table" "[" "get_timeBin_x_edges" "similar_route.normal" "similar_route" 
"shift" "as.POSIXct" "difftime" ".Call" "[.data.table" "[" "get_timeBin_x_edges" "similar_route.normal" "similar_route" 
"shift" "as.POSIXct" "difftime" ".Call" "[.data.table" "[" "get_timeBin_x_edges" "similar_route.normal" "similar_route" 
"as.POSIXct.default" "as.POSIXct" "difftime" ".Call" "[.data.table" "[" "get_timeBin_x_edges" "similar_route.normal" "similar_route" 
"sys.frame" "eval" "match.arg" "shift" "as.POSIXct" "difftime" ".Call" "[.data.table" "[" "get_timeBin_x_edges" "similar_route.normal" "similar_route" 
"difftime" ".Call" "[.data.table" "[" "get_timeBin_x_edges" "similar_route.normal" "similar_route" 
"eval" "match.arg" "difftime" ".Call" "[.data.table" "[" "get_timeBin_x_edges" "similar_route.normal" "similar_route" 
"as.POSIXct" "difftime" ".Call" "[.data.table" "[" "get_timeBin_x_edges" "similar_route.normal" "similar_route" 
"pmatch" "match.arg" "shift" "as.POSIXct" "difftime" ".Call" "[.data.table" "[" "get_timeBin_x_edges" "similar_route.normal" "similar_route" 
"as.POSIXct" "difftime" ".Call" "[.data.table" "[" "get_timeBin_x_edges" "similar_route.normal" "similar_route" 
"eval" "match.arg" "difftime" ".Call" "[.data.table" "[" "get_timeBin_x_edges" "similar_route.normal" "similar_route" 
"match.arg" "shift" "as.POSIXct" "difftime" ".Call" "[.data.table" "[" "get_timeBin_x_edges" "similar_route.normal" "similar_route" 
"eval" "eval" "match.arg" "difftime" ".Call" "[.data.table" "[" "get_timeBin_x_edges" "similar_route.normal" "similar_route" 
"as.POSIXct" "difftime" ".Call" "[.data.table" "[" "get_timeBin_x_edges" "similar_route.normal" "similar_route" 
"as.double.difftime" "as.numeric" "as.numeric" ".Call" "[.data.table" "[" "get_timeBin_x_edges" "similar_route.normal" "similar_route" 
".difftime" "difftime" ".Call" "[.data.table" "[" "get_timeBin_x_edges" "similar_route.normal" "similar_route" 
"match.arg" "difftime" ".Call" "[.data.table" "[" "get_timeBin_x_edges" "similar_route.normal" "similar_route" 
"sys.parent" "sys.function" "formals" "match.arg" "difftime" ".Call" "[.data.table" "[" "get_timeBin_x_edges" "similar_route.normal" "similar_route" 
"shift" "as.POSIXct" "difftime" ".Call" "[.data.table" "[" "get_timeBin_x_edges" "similar_route.normal" "similar_route" 
"shift" "as.POSIXct" "difftime" ".Call" "[.data.table" "[" "get_timeBin_x_edges" "similar_route.normal" "similar_route" 
"difftime" ".Call" "[.data.table" "[" "get_timeBin_x_edges" "similar_route.normal" "similar_route" 
"match.arg" "shift" "as.POSIXct" "difftime" ".Call" "[.data.table" "[" "get_timeBin_x_edges" "similar_route.normal" "similar_route" 
"is.list" "eval" "match.arg" "difftime" ".Call" "[.data.table" "[" "get_timeBin_x_edges" "similar_route.normal" "similar_route" 
"as.POSIXct" "difftime" ".Call" "[.data.table" "[" "get_timeBin_x_edges" "similar_route.normal" "similar_route" 
"sys.frame" "eval" "match.arg" "difftime" ".Call" "[.data.table" "[" "get_timeBin_x_edges" "similar_route.normal" "similar_route" 
".difftime" "difftime" ".Call" "[.data.table" "[" "get_timeBin_x_edges" "similar_route.normal" "similar_route" 
"...elt" "stopifnot" "shift" "as.POSIXct" "difftime" ".Call" "[.data.table" "[" "get_timeBin_x_edges" "similar_route.normal" "similar_route" 
"sys.parent" "sys.function" "formals" "match.arg" "shift" "as.POSIXct" "difftime" ".Call" "[.data.table" "[" "get_timeBin_x_edges" "similar_route.normal" "similar_route" 
"pmatch" "match.arg" "difftime" ".Call" "[.data.table" "[" "get_timeBin_x_edges" "similar_route.normal" "similar_route" 
"as.POSIXct" "difftime" ".Call" "[.data.table" "[" "get_timeBin_x_edges" "similar_route.normal" "similar_route" 
"as.POSIXct" "difftime" ".Call" "[.data.table" "[" "get_timeBin_x_edges" "similar_route.normal" "similar_route" 
"difftime" ".Call" "[.data.table" "[" "get_timeBin_x_edges" "similar_route.normal" "similar_route" 
"shift" "as.POSIXct" "difftime" ".Call" "[.data.table" "[" "get_timeBin_x_edges" "similar_route.normal" "similar_route" 
"sys.function" "formals" "match.arg" "shift" "as.POSIXct" "difftime" ".Call" "[.data.table" "[" "get_timeBin_x_edges" "similar_route.normal" "similar_route" 
"match.arg" "shift" "as.POSIXct" "difftime" ".Call" "[.data.table" "[" "get_timeBin_x_edges" "similar_route.normal" "similar_route" 
"stopifnot" "shift" "as.POSIXct" "difftime" ".Call" "[.data.table" "[" "get_timeBin_x_edges" "similar_route.normal" "similar_route" 
"as.POSIXct" "difftime" ".Call" "[.data.table" "[" "get_timeBin_x_edges" "similar_route.normal" "similar_route" 
"stopifnot" "shift" "as.POSIXct" "difftime" ".Call" "[.data.table" "[" "get_timeBin_x_edges" "similar_route.normal" "similar_route" 
"eval" "match.arg" "difftime" ".Call" "[.data.table" "[" "get_timeBin_x_edges" "similar_route.normal" "similar_route" 
"shift" "as.POSIXct" "difftime" ".Call" "[.data.table" "[" "get_timeBin_x_edges" "similar_route.normal" "similar_route" 
"as.POSIXct" "difftime" ".Call" "[.data.table" "[" "get_timeBin_x_edges" "similar_route.normal" "similar_route" 
"shift" "as.POSIXct" "difftime" ".Call" "[.data.table" "[" "get_timeBin_x_edges" "similar_route.normal" "similar_route" 
".Call" "[.data.table" "[" "get_timeBin_x_edges" "similar_route.normal" "similar_route" 
"eval" "match.arg" "difftime" ".Call" "[.data.table" "[" "get_timeBin_x_edges" "similar_route.normal" "similar_route" 
"unclass" "difftime" ".Call" "[.data.table" "[" "get_timeBin_x_edges" "similar_route.normal" "similar_route" 
"shift" "as.POSIXct" "difftime" ".Call" "[.data.table" "[" "get_timeBin_x_edges" "similar_route.normal" "similar_route" 
"match.arg" "shift" "as.POSIXct" "difftime" ".Call" "[.data.table" "[" "get_timeBin_x_edges" "similar_route.normal" "similar_route" 
"match.arg" "shift" "as.POSIXct" "difftime" ".Call" "[.data.table" "[" "get_timeBin_x_edges" "similar_route.normal" "similar_route" 
"as.vector" "as.vector" "as.double.difftime" "as.numeric" "as.numeric" ".Call" "[.data.table" "[" "get_timeBin_x_edges" "similar_route.normal" "similar_route" 
"as.POSIXct" "difftime" ".Call" "[.data.table" "[" "get_timeBin_x_edges" "similar_route.normal" "similar_route" 
"match.arg" "shift" "as.POSIXct" "difftime" ".Call" "[.data.table" "[" "get_timeBin_x_edges" "similar_route.normal" "similar_route" 
"shift" "as.POSIXct" "difftime" ".Call" "[.data.table" "[" "get_timeBin_x_edges" "similar_route.normal" "similar_route" 
"as.POSIXct" "difftime" ".Call" "[.data.table" "[" "get_timeBin_x_edges" "similar_route.normal" "similar_route" 
"eval" "eval" "[.data.table" "[" "get_timeBin_x_edges" "similar_route.normal" "similar_route" 
"eval" "eval" "[.data.table" "[" "get_timeBin_x_edges" "similar_route.normal" "similar_route" 
"na.omit.data.table" "na.omit" "get_timeBin_x_edges" "similar_route.normal" "similar_route" 
"na.omit.data.table" "na.omit" "get_timeBin_x_edges" "similar_route.normal" "similar_route" 
"na.omit.data.table" "na.omit" "get_timeBin_x_edges" "similar_route.normal" "similar_route" 
"forderv" "[.data.table" "[" "get_timeBin_x_edges" "similar_route.normal" "similar_route" 
"forderv" "[.data.table" "[" "get_timeBin_x_edges" "similar_route.normal" "similar_route" 
"pmatch" "var" "sd" "sd_one_input_is_0" ".Call" "[.data.table" "[" "get_timeBin_x_edges" "similar_route.normal" "similar_route" 
"get_mode" ".Call" "[.data.table" "[" "get_timeBin_x_edges" "similar_route.normal" "similar_route" 
"tabulate" "get_mode" ".Call" "[.data.table" "[" "get_timeBin_x_edges" "similar_route.normal" "similar_route" 
"stopifnot" "var" "sd" "sd_one_input_is_0" ".Call" "[.data.table" "[" "get_timeBin_x_edges" "similar_route.normal" "similar_route" 
"na.omit.default" "na.omit" "sd_one_input_is_0" ".Call" "[.data.table" "[" "get_timeBin_x_edges" "similar_route.normal" "similar_route" 
".Call" "[.data.table" "[" "get_timeBin_x_edges" "similar_route.normal" "similar_route" 
"unique.default" "unique" "get_mode" ".Call" "[.data.table" "[" "get_timeBin_x_edges" "similar_route.normal" "similar_route" 
"var" "sd" "sd_one_input_is_0" ".Call" "[.data.table" "[" "get_timeBin_x_edges" "similar_route.normal" "similar_route" 
"unique" "get_mode" ".Call" "[.data.table" "[" "get_timeBin_x_edges" "similar_route.normal" "similar_route" 
"na.omit.default" "na.omit" "sd_one_input_is_0" ".Call" "[.data.table" "[" "get_timeBin_x_edges" "similar_route.normal" "similar_route" 
"unique.default" "unique" "get_mode" ".Call" "[.data.table" "[" "get_timeBin_x_edges" "similar_route.normal" "similar_route" 
"unique.default" "unique" "get_mode" ".Call" "[.data.table" "[" "get_timeBin_x_edges" "similar_route.normal" "similar_route" 
"unique.default" "unique" "get_mode" ".Call" "[.data.table" "[" "get_timeBin_x_edges" "similar_route.normal" "similar_route" 
"unique.default" "unique" "get_mode" ".Call" "[.data.table" "[" "get_timeBin_x_edges" "similar_route.normal" "similar_route" 
"unique" "get_mode" ".Call" "[.data.table" "[" "get_timeBin_x_edges" "similar_route.normal" "similar_route" 
"na.omit.default" "na.omit" "sd_one_input_is_0" ".Call" "[.data.table" "[" "get_timeBin_x_edges" "similar_route.normal" "similar_route" 
"get_mode" ".Call" "[.data.table" "[" "get_timeBin_x_edges" "similar_route.normal" "similar_route" 
"get_mode" ".Call" "[.data.table" "[" "get_timeBin_x_edges" "similar_route.normal" "similar_route" 
"var" "sd" "sd_one_input_is_0" ".Call" "[.data.table" "[" "get_timeBin_x_edges" "similar_route.normal" "similar_route" 
".Call" "[.data.table" "[" "get_timeBin_x_edges" "similar_route.normal" "similar_route" 
"...elt" "stopifnot" "var" "sd" "sd_one_input_is_0" ".Call" "[.data.table" "[" "get_timeBin_x_edges" "similar_route.normal" "similar_route" 
"sd_one_input_is_0" ".Call" "[.data.table" "[" "get_timeBin_x_edges" "similar_route.normal" "similar_route" 
"unique" "get_mode" ".Call" "[.data.table" "[" "get_timeBin_x_edges" "similar_route.normal" "similar_route" 
"all" "stopifnot" "var" "sd" "sd_one_input_is_0" ".Call" "[.data.table" "[" "get_timeBin_x_edges" "similar_route.normal" "similar_route" 
"na.omit.default" "na.omit" "get_mode" ".Call" "[.data.table" "[" "get_timeBin_x_edges" "similar_route.normal" "similar_route" 
"var" "sd" "sd_one_input_is_0" ".Call" "[.data.table" "[" "get_timeBin_x_edges" "similar_route.normal" "similar_route" 
"na.omit.default" "na.omit" "get_mode" ".Call" "[.data.table" "[" "get_timeBin_x_edges" "similar_route.normal" "similar_route" 
"na.omit" "get_mode" ".Call" "[.data.table" "[" "get_timeBin_x_edges" "similar_route.normal" "similar_route" 
"stopifnot" "var" "sd" "sd_one_input_is_0" ".Call" "[.data.table" "[" "get_timeBin_x_edges" "similar_route.normal" "similar_route" 
"...elt" "stopifnot" "var" "sd" "sd_one_input_is_0" ".Call" "[.data.table" "[" "get_timeBin_x_edges" "similar_route.normal" "similar_route" 
"unique" "get_mode" ".Call" "[.data.table" "[" "get_timeBin_x_edges" "similar_route.normal" "similar_route" 
".Call" "[.data.table" "[" "get_timeBin_x_edges" "similar_route.normal" "similar_route" 
"na.omit.default" "na.omit" "sd_one_input_is_0" ".Call" "[.data.table" "[" "get_timeBin_x_edges" "similar_route.normal" "similar_route" 
"sd_one_input_is_0" ".Call" "[.data.table" "[" "get_timeBin_x_edges" "similar_route.normal" "similar_route" 
"tabulate" "get_mode" ".Call" "[.data.table" "[" "get_timeBin_x_edges" "similar_route.normal" "similar_route" 
"is.data.frame" "var" "sd" "sd_one_input_is_0" ".Call" "[.data.table" "[" "get_timeBin_x_edges" "similar_route.normal" "similar_route" 
"na.omit" "get_mode" ".Call" "[.data.table" "[" "get_timeBin_x_edges" "similar_route.normal" "similar_route" 
"sd_one_input_is_0" ".Call" "[.data.table" "[" "get_timeBin_x_edges" "similar_route.normal" "similar_route" 
"var" "sd" "sd_one_input_is_0" ".Call" "[.data.table" "[" "get_timeBin_x_edges" "similar_route.normal" "similar_route" 
"unique" "get_mode" ".Call" "[.data.table" "[" "get_timeBin_x_edges" "similar_route.normal" "similar_route" 
"is.data.frame" "var" "sd" "sd_one_input_is_0" ".Call" "[.data.table" "[" "get_timeBin_x_edges" "similar_route.normal" "similar_route" 
"na.omit" "sd_one_input_is_0" ".Call" "[.data.table" "[" "get_timeBin_x_edges" "similar_route.normal" "similar_route" 
"stopifnot" "var" "sd" "sd_one_input_is_0" ".Call" "[.data.table" "[" "get_timeBin_x_edges" "similar_route.normal" "similar_route" 
"na.omit" "get_mode" ".Call" "[.data.table" "[" "get_timeBin_x_edges" "similar_route.normal" "similar_route" 
"na.omit" "get_mode" ".Call" "[.data.table" "[" "get_timeBin_x_edges" "similar_route.normal" "similar_route" 
"is.data.frame" "var" "sd" "sd_one_input_is_0" ".Call" "[.data.table" "[" "get_timeBin_x_edges" "similar_route.normal" "similar_route" 
"na.omit" "get_mode" ".Call" "[.data.table" "[" "get_timeBin_x_edges" "similar_route.normal" "similar_route" 
"na.omit.default" "na.omit" "get_mode" ".Call" "[.data.table" "[" "get_timeBin_x_edges" "similar_route.normal" "similar_route" 
"var" "sd" "sd_one_input_is_0" ".Call" "[.data.table" "[" "get_timeBin_x_edges" "similar_route.normal" "similar_route" 
"stopifnot" "var" "sd" "sd_one_input_is_0" ".Call" "[.data.table" "[" "get_timeBin_x_edges" "similar_route.normal" "similar_route" 
"pmatch" "var" "sd" "sd_one_input_is_0" ".Call" "[.data.table" "[" "get_timeBin_x_edges" "similar_route.normal" "similar_route" 
"tabulate" "get_mode" ".Call" "[.data.table" "[" "get_timeBin_x_edges" "similar_route.normal" "similar_route" 
"stopifnot" "var" "sd" "sd_one_input_is_0" ".Call" "[.data.table" "[" "get_timeBin_x_edges" "similar_route.normal" "similar_route" 
"...length" "stopifnot" "var" "sd" "sd_one_input_is_0" ".Call" "[.data.table" "[" "get_timeBin_x_edges" "similar_route.normal" "similar_route" 
".Call" "[.data.table" "[" "get_timeBin_x_edges" "similar_route.normal" "similar_route" 
"stopifnot" "var" "sd" "sd_one_input_is_0" ".Call" "[.data.table" "[" "get_timeBin_x_edges" "similar_route.normal" "similar_route" 
"var" "sd" "sd_one_input_is_0" ".Call" "[.data.table" "[" "get_timeBin_x_edges" "similar_route.normal" "similar_route" 
"var" "sd" "sd_one_input_is_0" ".Call" "[.data.table" "[" "get_timeBin_x_edges" "similar_route.normal" "similar_route" 
"var" "sd" "sd_one_input_is_0" ".Call" "[.data.table" "[" "get_timeBin_x_edges" "similar_route.normal" "similar_route" 
"stopifnot" "var" "sd" "sd_one_input_is_0" ".Call" "[.data.table" "[" "get_timeBin_x_edges" "similar_route.normal" "similar_route" 
"pmatch" "var" "sd" "sd_one_input_is_0" ".Call" "[.data.table" "[" "get_timeBin_x_edges" "similar_route.normal" "similar_route" 
"na.omit" "sd_one_input_is_0" ".Call" "[.data.table" "[" "get_timeBin_x_edges" "similar_route.normal" "similar_route" 
"get_mode" ".Call" "[.data.table" "[" "get_timeBin_x_edges" "similar_route.normal" "similar_route" 
"tabulate" "get_mode" ".Call" "[.data.table" "[" "get_timeBin_x_edges" "similar_route.normal" "similar_route" 
"as.integer" "tabulate" "get_mode" ".Call" "[.data.table" "[" "get_timeBin_x_edges" "similar_route.normal" "similar_route" 
"is.data.frame" "var" "sd" "sd_one_input_is_0" ".Call" "[.data.table" "[" "get_timeBin_x_edges" "similar_route.normal" "similar_route" 
"all" "stopifnot" "var" "sd" "sd_one_input_is_0" ".Call" "[.data.table" "[" "get_timeBin_x_edges" "similar_route.normal" "similar_route" 
"get_mode" ".Call" "[.data.table" "[" "get_timeBin_x_edges" "similar_route.normal" "similar_route" 
"unique.default" "unique" "get_mode" ".Call" "[.data.table" "[" "get_timeBin_x_edges" "similar_route.normal" "similar_route" 
"unique" "get_mode" ".Call" "[.data.table" "[" "get_timeBin_x_edges" "similar_route.normal" "similar_route" 
".Call" "[.data.table" "[" "get_timeBin_x_edges" "similar_route.normal" "similar_route" 
"na.omit" "sd_one_input_is_0" ".Call" "[.data.table" "[" "get_timeBin_x_edges" "similar_route.normal" "similar_route" 
"unique.default" "unique" "get_mode" ".Call" "[.data.table" "[" "get_timeBin_x_edges" "similar_route.normal" "similar_route" 
"sd" "sd_one_input_is_0" ".Call" "[.data.table" "[" "get_timeBin_x_edges" "similar_route.normal" "similar_route" 
".Call" "[.data.table" "[" "get_timeBin_x_edges" "similar_route.normal" "similar_route" 
"var" "sd" "sd_one_input_is_0" ".Call" "[.data.table" "[" "get_timeBin_x_edges" "similar_route.normal" "similar_route" 
"all" "stopifnot" "var" "sd" "sd_one_input_is_0" ".Call" "[.data.table" "[" "get_timeBin_x_edges" "similar_route.normal" "similar_route" 
"unique" "get_mode" ".Call" "[.data.table" "[" "get_timeBin_x_edges" "similar_route.normal" "similar_route" 
"na.omit" "get_mode" ".Call" "[.data.table" "[" "get_timeBin_x_edges" "similar_route.normal" "similar_route" 
"na.omit" "sd_one_input_is_0" ".Call" "[.data.table" "[" "get_timeBin_x_edges" "similar_route.normal" "similar_route" 
"unique.default" "unique" "get_mode" ".Call" "[.data.table" "[" "get_timeBin_x_edges" "similar_route.normal" "similar_route" 
"get_mode" ".Call" "[.data.table" "[" "get_timeBin_x_edges" "similar_route.normal" "similar_route" 
"na.omit.default" "na.omit" "get_mode" ".Call" "[.data.table" "[" "get_timeBin_x_edges" "similar_route.normal" "similar_route" 
"unique.default" "unique" "get_mode" ".Call" "[.data.table" "[" "get_timeBin_x_edges" "similar_route.normal" "similar_route" 
"unique" "get_mode" ".Call" "[.data.table" "[" "get_timeBin_x_edges" "similar_route.normal" "similar_route" 
"pmatch" "var" "sd" "sd_one_input_is_0" ".Call" "[.data.table" "[" "get_timeBin_x_edges" "similar_route.normal" "similar_route" 
"stopifnot" "var" "sd" "sd_one_input_is_0" ".Call" "[.data.table" "[" "get_timeBin_x_edges" "similar_route.normal" "similar_route" 
"unique" "get_mode" ".Call" "[.data.table" "[" "get_timeBin_x_edges" "similar_route.normal" "similar_route" 
"tabulate" "get_mode" ".Call" "[.data.table" "[" "get_timeBin_x_edges" "similar_route.normal" "similar_route" 
"all" "stopifnot" "var" "sd" "sd_one_input_is_0" ".Call" "[.data.table" "[" "get_timeBin_x_edges" "similar_route.normal" "similar_route" 
"sd" "sd_one_input_is_0" ".Call" "[.data.table" "[" "get_timeBin_x_edges" "similar_route.normal" "similar_route" 
"get_mode" ".Call" "[.data.table" "[" "get_timeBin_x_edges" "similar_route.normal" "similar_route" 
"sd_one_input_is_0" ".Call" "[.data.table" "[" "get_timeBin_x_edges" "similar_route.normal" "similar_route" 
"unique" "get_mode" ".Call" "[.data.table" "[" "get_timeBin_x_edges" "similar_route.normal" "similar_route" 
"na.omit.default" "na.omit" "sd_one_input_is_0" ".Call" "[.data.table" "[" "get_timeBin_x_edges" "similar_route.normal" "similar_route" 
".External" ".Call" "[.data.table" "[" "get_timeBin_x_edges" "similar_route.normal" "similar_route" 
".Call" "[.data.table" "[" "get_timeBin_x_edges" "similar_route.normal" "similar_route" 
"var" "sd" "sd_one_input_is_0" ".Call" "[.data.table" "[" "get_timeBin_x_edges" "similar_route.normal" "similar_route" 
"is.atomic" "na.omit.default" "na.omit" "sd_one_input_is_0" ".Call" "[.data.table" "[" "get_timeBin_x_edges" "similar_route.normal" "similar_route" 
"sd_one_input_is_0" ".Call" "[.data.table" "[" "get_timeBin_x_edges" "similar_route.normal" "similar_route" 
"stopifnot" "var" "sd" "sd_one_input_is_0" ".Call" "[.data.table" "[" "get_timeBin_x_edges" "similar_route.normal" "similar_route" 
"tabulate" "get_mode" ".Call" "[.data.table" "[" "get_timeBin_x_edges" "similar_route.normal" "similar_route" 
"na.omit.default" "na.omit" "get_mode" ".Call" "[.data.table" "[" "get_timeBin_x_edges" "similar_route.normal" "similar_route" 
"na.omit.default" "na.omit" "get_mode" ".Call" "[.data.table" "[" "get_timeBin_x_edges" "similar_route.normal" "similar_route" 
".Call" "[.data.table" "[" "get_timeBin_x_edges" "similar_route.normal" "similar_route" 
"na.omit" "get_mode" ".Call" "[.data.table" "[" "get_timeBin_x_edges" "similar_route.normal" "similar_route" 
"na.omit" "sd_one_input_is_0" ".Call" "[.data.table" "[" "get_timeBin_x_edges" "similar_route.normal" "similar_route" 
"get_mode" ".Call" "[.data.table" "[" "get_timeBin_x_edges" "similar_route.normal" "similar_route" 
"sd" "sd_one_input_is_0" ".Call" "[.data.table" "[" "get_timeBin_x_edges" "similar_route.normal" "similar_route" 
"unique" "get_mode" ".Call" "[.data.table" "[" "get_timeBin_x_edges" "similar_route.normal" "similar_route" 
"var" "sd" "sd_one_input_is_0" ".Call" "[.data.table" "[" "get_timeBin_x_edges" "similar_route.normal" "similar_route" 
"na.omit" "get_mode" ".Call" "[.data.table" "[" "get_timeBin_x_edges" "similar_route.normal" "similar_route" 
"var" "sd" "sd_one_input_is_0" ".Call" "[.data.table" "[" "get_timeBin_x_edges" "similar_route.normal" "similar_route" 
"tabulate" "get_mode" ".Call" "[.data.table" "[" "get_timeBin_x_edges" "similar_route.normal" "similar_route" 
"var" "sd" "sd_one_input_is_0" ".Call" "[.data.table" "[" "get_timeBin_x_edges" "similar_route.normal" "similar_route" 
"max" "tabulate" "get_mode" ".Call" "[.data.table" "[" "get_timeBin_x_edges" "similar_route.normal" "similar_route" 
"unique" "get_mode" ".Call" "[.data.table" "[" "get_timeBin_x_edges" "similar_route.normal" "similar_route" 
"na.omit" "sd_one_input_is_0" ".Call" "[.data.table" "[" "get_timeBin_x_edges" "similar_route.normal" "similar_route" 
"na.omit" "sd_one_input_is_0" ".Call" "[.data.table" "[" "get_timeBin_x_edges" "similar_route.normal" "similar_route" 
"max" "tabulate" "get_mode" ".Call" "[.data.table" "[" "get_timeBin_x_edges" "similar_route.normal" "similar_route" 
"unique.default" "unique" "get_mode" ".Call" "[.data.table" "[" "get_timeBin_x_edges" "similar_route.normal" "similar_route" 
"na.omit" "get_mode" ".Call" "[.data.table" "[" "get_timeBin_x_edges" "similar_route.normal" "similar_route" 
".Call" "[.data.table" "[" "get_timeBin_x_edges" "similar_route.normal" "similar_route" 
"tabulate" "get_mode" ".Call" "[.data.table" "[" "get_timeBin_x_edges" "similar_route.normal" "similar_route" 
"unique.default" "unique" "get_mode" ".Call" "[.data.table" "[" "get_timeBin_x_edges" "similar_route.normal" "similar_route" 
".Call" "[.data.table" "[" "get_timeBin_x_edges" "similar_route.normal" "similar_route" 
"unique" "get_mode" ".Call" "[.data.table" "[" "get_timeBin_x_edges" "similar_route.normal" "similar_route" 
"is.data.frame" "var" "sd" "sd_one_input_is_0" ".Call" "[.data.table" "[" "get_timeBin_x_edges" "similar_route.normal" "similar_route" 
"unique" "get_mode" ".Call" "[.data.table" "[" "get_timeBin_x_edges" "similar_route.normal" "similar_route" 
".Call" "[.data.table" "[" "get_timeBin_x_edges" "similar_route.normal" "similar_route" 
"unique" "get_mode" ".Call" "[.data.table" "[" "get_timeBin_x_edges" "similar_route.normal" "similar_route" 
"na.omit" "get_mode" ".Call" "[.data.table" "[" "get_timeBin_x_edges" "similar_route.normal" "similar_route" 
"na.omit" "get_mode" ".Call" "[.data.table" "[" "get_timeBin_x_edges" "similar_route.normal" "similar_route" 
"na.omit" "get_mode" ".Call" "[.data.table" "[" "get_timeBin_x_edges" "similar_route.normal" "similar_route" 
"na.omit.default" "na.omit" "get_mode" ".Call" "[.data.table" "[" "get_timeBin_x_edges" "similar_route.normal" "similar_route" 
"unique" "get_mode" ".Call" "[.data.table" "[" "get_timeBin_x_edges" "similar_route.normal" "similar_route" 
"is.data.frame" "var" "sd" "sd_one_input_is_0" ".Call" "[.data.table" "[" "get_timeBin_x_edges" "similar_route.normal" "similar_route" 
"unique" "get_mode" ".Call" "[.data.table" "[" "get_timeBin_x_edges" "similar_route.normal" "similar_route" 
"unique" "get_mode" ".Call" "[.data.table" "[" "get_timeBin_x_edges" "similar_route.normal" "similar_route" 
"tabulate" "get_mode" ".Call" "[.data.table" "[" "get_timeBin_x_edges" "similar_route.normal" "similar_route" 
"tabulate" "get_mode" ".Call" "[.data.table" "[" "get_timeBin_x_edges" "similar_route.normal" "similar_route" 
"unique" "get_mode" ".Call" "[.data.table" "[" "get_timeBin_x_edges" "similar_route.normal" "similar_route" 
"pmatch" "var" "sd" "sd_one_input_is_0" ".Call" "[.data.table" "[" "get_timeBin_x_edges" "similar_route.normal" "similar_route" 
"na.omit" "get_mode" ".Call" "[.data.table" "[" "get_timeBin_x_edges" "similar_route.normal" "similar_route" 
"unique" "get_mode" ".Call" "[.data.table" "[" "get_timeBin_x_edges" "similar_route.normal" "similar_route" 
"na.omit" "sd_one_input_is_0" ".Call" "[.data.table" "[" "get_timeBin_x_edges" "similar_route.normal" "similar_route" 
"unique" "get_mode" ".Call" "[.data.table" "[" "get_timeBin_x_edges" "similar_route.normal" "similar_route" 
"na.omit" "sd_one_input_is_0" ".Call" "[.data.table" "[" "get_timeBin_x_edges" "similar_route.normal" "similar_route" 
"is.data.frame" "var" "sd" "sd_one_input_is_0" ".Call" "[.data.table" "[" "get_timeBin_x_edges" "similar_route.normal" "similar_route" 
"unique" "get_mode" ".Call" "[.data.table" "[" "get_timeBin_x_edges" "similar_route.normal" "similar_route" 
"...elt" "stopifnot" "var" "sd" "sd_one_input_is_0" ".Call" "[.data.table" "[" "get_timeBin_x_edges" "similar_route.normal" "similar_route" 
".Call" "[.data.table" "[" "get_timeBin_x_edges" "similar_route.normal" "similar_route" 
"na.omit" "get_mode" ".Call" "[.data.table" "[" "get_timeBin_x_edges" "similar_route.normal" "similar_route" 
"unique" "get_mode" ".Call" "[.data.table" "[" "get_timeBin_x_edges" "similar_route.normal" "similar_route" 
"is.na" "tabulate" "get_mode" ".Call" "[.data.table" "[" "get_timeBin_x_edges" "similar_route.normal" "similar_route" 
"unique" "get_mode" ".Call" "[.data.table" "[" "get_timeBin_x_edges" "similar_route.normal" "similar_route" 
"get_mode" ".Call" "[.data.table" "[" "get_timeBin_x_edges" "similar_route.normal" "similar_route" 
"na.omit" "get_mode" ".Call" "[.data.table" "[" "get_timeBin_x_edges" "similar_route.normal" "similar_route" 
".Call" "[.data.table" "[" "get_timeBin_x_edges" "similar_route.normal" "similar_route" 
"tabulate" "get_mode" ".Call" "[.data.table" "[" "get_timeBin_x_edges" "similar_route.normal" "similar_route" 
".Call" "[.data.table" "[" "get_timeBin_x_edges" "similar_route.normal" "similar_route" 
"...elt" "stopifnot" "var" "sd" "sd_one_input_is_0" ".Call" "[.data.table" "[" "get_timeBin_x_edges" "similar_route.normal" "similar_route" 
"na.omit" "sd_one_input_is_0" ".Call" "[.data.table" "[" "get_timeBin_x_edges" "similar_route.normal" "similar_route" 
"na.omit" "get_mode" ".Call" "[.data.table" "[" "get_timeBin_x_edges" "similar_route.normal" "similar_route" 
"na.omit" "sd_one_input_is_0" ".Call" "[.data.table" "[" "get_timeBin_x_edges" "similar_route.normal" "similar_route" 
"na.omit" "sd_one_input_is_0" ".Call" "[.data.table" "[" "get_timeBin_x_edges" "similar_route.normal" "similar_route" 
"unique" "get_mode" ".Call" "[.data.table" "[" "get_timeBin_x_edges" "similar_route.normal" "similar_route" 
".Call" "[.data.table" "[" "get_timeBin_x_edges" "similar_route.normal" "similar_route" 
"anyNA" "stopifnot" "var" "sd" "sd_one_input_is_0" ".Call" "[.data.table" "[" "get_timeBin_x_edges" "similar_route.normal" "similar_route" 
"stopifnot" "var" "sd" "sd_one_input_is_0" ".Call" "[.data.table" "[" "get_timeBin_x_edges" "similar_route.normal" "similar_route" 
"na.omit" "sd_one_input_is_0" ".Call" "[.data.table" "[" "get_timeBin_x_edges" "similar_route.normal" "similar_route" 
"stopifnot" "var" "sd" "sd_one_input_is_0" ".Call" "[.data.table" "[" "get_timeBin_x_edges" "similar_route.normal" "similar_route" 
"length" "sd_one_input_is_0" ".Call" "[.data.table" "[" "get_timeBin_x_edges" "similar_route.normal" "similar_route" 
".Call" "[.data.table" "[" "get_timeBin_x_edges" "similar_route.normal" "similar_route" 
"list" ".Call" "[.data.table" "[" "get_timeBin_x_edges" "similar_route.normal" "similar_route" 
"tabulate" "get_mode" ".Call" "[.data.table" "[" "get_timeBin_x_edges" "similar_route.normal" "similar_route" 
"stopifnot" "var" "sd" "sd_one_input_is_0" ".Call" "[.data.table" "[" "get_timeBin_x_edges" "similar_route.normal" "similar_route" 
"na.omit" "get_mode" ".Call" "[.data.table" "[" "get_timeBin_x_edges" "similar_route.normal" "similar_route" 
"na.omit" "get_mode" ".Call" "[.data.table" "[" "get_timeBin_x_edges" "similar_route.normal" "similar_route" 
"tabulate" "get_mode" ".Call" "[.data.table" "[" "get_timeBin_x_edges" "similar_route.normal" "similar_route" 
".Call" "[.data.table" "[" "get_timeBin_x_edges" "similar_route.normal" "similar_route" 
".Call" "[.data.table" "[" "get_timeBin_x_edges" "similar_route.normal" "similar_route" 
"na.omit" "get_mode" ".Call" "[.data.table" "[" "get_timeBin_x_edges" "similar_route.normal" "similar_route" 
"all" "stopifnot" "var" "sd" "sd_one_input_is_0" ".Call" "[.data.table" "[" "get_timeBin_x_edges" "similar_route.normal" "similar_route" 
"tabulate" "get_mode" ".Call" "[.data.table" "[" "get_timeBin_x_edges" "similar_route.normal" "similar_route" 
"get_mode" ".Call" "[.data.table" "[" "get_timeBin_x_edges" "similar_route.normal" "similar_route" 
".Call" "[.data.table" "[" "get_timeBin_x_edges" "similar_route.normal" "similar_route" 
"is.data.frame" "var" "sd" "sd_one_input_is_0" ".Call" "[.data.table" "[" "get_timeBin_x_edges" "similar_route.normal" "similar_route" 
".Call" "[.data.table" "[" "get_timeBin_x_edges" "similar_route.normal" "similar_route" 
"unique" "get_mode" ".Call" "[.data.table" "[" "get_timeBin_x_edges" "similar_route.normal" "similar_route" 
"unique" "get_mode" ".Call" "[.data.table" "[" "get_timeBin_x_edges" "similar_route.normal" "similar_route" 
"na.omit" "get_mode" ".Call" "[.data.table" "[" "get_timeBin_x_edges" "similar_route.normal" "similar_route" 
".Call" "[.data.table" "[" "get_timeBin_x_edges" "similar_route.normal" "similar_route" 
"get_mode" ".Call" "[.data.table" "[" "get_timeBin_x_edges" "similar_route.normal" "similar_route" 
"tabulate" "get_mode" ".Call" "[.data.table" "[" "get_timeBin_x_edges" "similar_route.normal" "similar_route" 
"get_mode" ".Call" "[.data.table" "[" "get_timeBin_x_edges" "similar_route.normal" "similar_route" 
"na.omit.default" "na.omit" "sd_one_input_is_0" ".Call" "[.data.table" "[" "get_timeBin_x_edges" "similar_route.normal" "similar_route" 
"na.omit" "get_mode" ".Call" "[.data.table" "[" "get_timeBin_x_edges" "similar_route.normal" "similar_route" 
"tabulate" "get_mode" ".Call" "[.data.table" "[" "get_timeBin_x_edges" "similar_route.normal" "similar_route" 
"sd" "sd_one_input_is_0" ".Call" "[.data.table" "[" "get_timeBin_x_edges" "similar_route.normal" "similar_route" 
"na.omit.default" "na.omit" "sd_one_input_is_0" ".Call" "[.data.table" "[" "get_timeBin_x_edges" "similar_route.normal" "similar_route" 
".Call" "[.data.table" "[" "get_timeBin_x_edges" "similar_route.normal" "similar_route" 
"unique.default" "unique" "get_mode" ".Call" "[.data.table" "[" "get_timeBin_x_edges" "similar_route.normal" "similar_route" 
".Call" "[.data.table" "[" "get_timeBin_x_edges" "similar_route.normal" "similar_route" 
"na.omit" "sd_one_input_is_0" ".Call" "[.data.table" "[" "get_timeBin_x_edges" "similar_route.normal" "similar_route" 
".Call" "[.data.table" "[" "get_timeBin_x_edges" "similar_route.normal" "similar_route" 
"unique.default" "unique" "get_mode" ".Call" "[.data.table" "[" "get_timeBin_x_edges" "similar_route.normal" "similar_route" 
"unique" "get_mode" ".Call" "[.data.table" "[" "get_timeBin_x_edges" "similar_route.normal" "similar_route" 
"forderv" "[.data.table" "[" "get_timeBin_x_edges" "similar_route.normal" "similar_route" 
"forderv" "[.data.table" "[" "get_timeBin_x_edges" "similar_route.normal" "similar_route" 
"unique" "get_mode" ".Call" "[.data.table" "[" "get_timeBin_x_edges" "similar_route.normal" "similar_route" 
"var" "sd" "sd_one_input_is_0" ".Call" "[.data.table" "[" "get_timeBin_x_edges" "similar_route.normal" "similar_route" 
".Call" "[.data.table" "[" "get_timeBin_x_edges" "similar_route.normal" "similar_route" 
"sd" "sd_one_input_is_0" ".Call" "[.data.table" "[" "get_timeBin_x_edges" "similar_route.normal" "similar_route" 
"unique.default" "unique" "get_mode" ".Call" "[.data.table" "[" "get_timeBin_x_edges" "similar_route.normal" "similar_route" 
"na.omit" "sd_one_input_is_0" ".Call" "[.data.table" "[" "get_timeBin_x_edges" "similar_route.normal" "similar_route" 
"unique.default" "unique" "get_mode" ".Call" "[.data.table" "[" "get_timeBin_x_edges" "similar_route.normal" "similar_route" 
"tabulate" "get_mode" ".Call" "[.data.table" "[" "get_timeBin_x_edges" "similar_route.normal" "similar_route" 
"tabulate" "get_mode" ".Call" "[.data.table" "[" "get_timeBin_x_edges" "similar_route.normal" "similar_route" 
"tabulate" "get_mode" ".Call" "[.data.table" "[" "get_timeBin_x_edges" "similar_route.normal" "similar_route" 
".External" ".Call" "[.data.table" "[" "get_timeBin_x_edges" "similar_route.normal" "similar_route" 
".Call" "[.data.table" "[" "get_timeBin_x_edges" "similar_route.normal" "similar_route" 
".External" ".Call" "[.data.table" "[" "get_timeBin_x_edges" "similar_route.normal" "similar_route" 
"stopifnot" "var" "sd" "sd_one_input_is_0" ".Call" "[.data.table" "[" "get_timeBin_x_edges" "similar_route.normal" "similar_route" 
"na.omit" "get_mode" ".Call" "[.data.table" "[" "get_timeBin_x_edges" "similar_route.normal" "similar_route" 
"sd" "sd_one_input_is_0" ".Call" "[.data.table" "[" "get_timeBin_x_edges" "similar_route.normal" "similar_route" 
"na.omit" "get_mode" ".Call" "[.data.table" "[" "get_timeBin_x_edges" "similar_route.normal" "similar_route" 
".Call" "[.data.table" "[" "get_timeBin_x_edges" "similar_route.normal" "similar_route" 
"na.omit" "sd_one_input_is_0" ".Call" "[.data.table" "[" "get_timeBin_x_edges" "similar_route.normal" "similar_route" 
"na.omit" "sd_one_input_is_0" ".Call" "[.data.table" "[" "get_timeBin_x_edges" "similar_route.normal" "similar_route" 
"stopifnot" "var" "sd" "sd_one_input_is_0" ".Call" "[.data.table" "[" "get_timeBin_x_edges" "similar_route.normal" "similar_route" 
"tabulate" "get_mode" ".Call" "[.data.table" "[" "get_timeBin_x_edges" "similar_route.normal" "similar_route" 
"na.omit" "get_mode" ".Call" "[.data.table" "[" "get_timeBin_x_edges" "similar_route.normal" "similar_route" 
"is.data.frame" "var" "sd" "sd_one_input_is_0" ".Call" "[.data.table" "[" "get_timeBin_x_edges" "similar_route.normal" "similar_route" 
"na.omit.default" "na.omit" "sd_one_input_is_0" ".Call" "[.data.table" "[" "get_timeBin_x_edges" "similar_route.normal" "similar_route" 
"na.omit" "get_mode" ".Call" "[.data.table" "[" "get_timeBin_x_edges" "similar_route.normal" "similar_route" 
"unique" "get_mode" ".Call" "[.data.table" "[" "get_timeBin_x_edges" "similar_route.normal" "similar_route" 
"stopifnot" "var" "sd" "sd_one_input_is_0" ".Call" "[.data.table" "[" "get_timeBin_x_edges" "similar_route.normal" "similar_route" 
"is.atomic" "na.omit.default" "na.omit" "sd_one_input_is_0" ".Call" "[.data.table" "[" "get_timeBin_x_edges" "similar_route.normal" "similar_route" 
"stopifnot" "var" "sd" "sd_one_input_is_0" ".Call" "[.data.table" "[" "get_timeBin_x_edges" "similar_route.normal" "similar_route" 
"anyNA" "stopifnot" "var" "sd" "sd_one_input_is_0" ".Call" "[.data.table" "[" "get_timeBin_x_edges" "similar_route.normal" "similar_route" 
"pmatch" "var" "sd" "sd_one_input_is_0" ".Call" "[.data.table" "[" "get_timeBin_x_edges" "similar_route.normal" "similar_route" 
"na.omit" "sd_one_input_is_0" ".Call" "[.data.table" "[" "get_timeBin_x_edges" "similar_route.normal" "similar_route" 
"na.omit.default" "na.omit" "get_mode" ".Call" "[.data.table" "[" "get_timeBin_x_edges" "similar_route.normal" "similar_route" 
".Call" "[.data.table" "[" "get_timeBin_x_edges" "similar_route.normal" "similar_route" 
"na.omit.default" "na.omit" "get_mode" ".Call" "[.data.table" "[" "get_timeBin_x_edges" "similar_route.normal" "similar_route" 
".Call" "[.data.table" "[" "get_timeBin_x_edges" "similar_route.normal" "similar_route" 
"stopifnot" "var" "sd" "sd_one_input_is_0" ".Call" "[.data.table" "[" "get_timeBin_x_edges" "similar_route.normal" "similar_route" 
"...elt" "stopifnot" "var" "sd" "sd_one_input_is_0" ".Call" "[.data.table" "[" "get_timeBin_x_edges" "similar_route.normal" "similar_route" 
".Call" "[.data.table" "[" "get_timeBin_x_edges" "similar_route.normal" "similar_route" 
"dim" "na.omit.default" "na.omit" "get_mode" ".Call" "[.data.table" "[" "get_timeBin_x_edges" "similar_route.normal" "similar_route" 
".Call" "[.data.table" "[" "get_timeBin_x_edges" "similar_route.normal" "similar_route" 
"na.omit" "sd_one_input_is_0" ".Call" "[.data.table" "[" "get_timeBin_x_edges" "similar_route.normal" "similar_route" 
"na.omit" "sd_one_input_is_0" ".Call" "[.data.table" "[" "get_timeBin_x_edges" "similar_route.normal" "similar_route" 
"sd" "sd_one_input_is_0" ".Call" "[.data.table" "[" "get_timeBin_x_edges" "similar_route.normal" "similar_route" 
"na.omit" "sd_one_input_is_0" ".Call" "[.data.table" "[" "get_timeBin_x_edges" "similar_route.normal" "similar_route" 
"unique.default" "unique" "get_mode" ".Call" "[.data.table" "[" "get_timeBin_x_edges" "similar_route.normal" "similar_route" 
"is.na" "tabulate" "get_mode" ".Call" "[.data.table" "[" "get_timeBin_x_edges" "similar_route.normal" "similar_route" 
"na.omit" "sd_one_input_is_0" ".Call" "[.data.table" "[" "get_timeBin_x_edges" "similar_route.normal" "similar_route" 
"na.omit" "sd_one_input_is_0" ".Call" "[.data.table" "[" "get_timeBin_x_edges" "similar_route.normal" "similar_route" 
"get_mode" ".Call" "[.data.table" "[" "get_timeBin_x_edges" "similar_route.normal" "similar_route" 
".Call" "[.data.table" "[" "get_timeBin_x_edges" "similar_route.normal" "similar_route" 
".Call" "[.data.table" "[" "get_timeBin_x_edges" "similar_route.normal" "similar_route" 
"dim" "na.omit.default" "na.omit" "sd_one_input_is_0" ".Call" "[.data.table" "[" "get_timeBin_x_edges" "similar_route.normal" "similar_route" 
"var" "sd" "sd_one_input_is_0" ".Call" "[.data.table" "[" "get_timeBin_x_edges" "similar_route.normal" "similar_route" 
"tabulate" "get_mode" ".Call" "[.data.table" "[" "get_timeBin_x_edges" "similar_route.normal" "similar_route" 
"na.omit" "sd_one_input_is_0" ".Call" "[.data.table" "[" "get_timeBin_x_edges" "similar_route.normal" "similar_route" 
"pmatch" "var" "sd" "sd_one_input_is_0" ".Call" "[.data.table" "[" "get_timeBin_x_edges" "similar_route.normal" "similar_route" 
"var" "sd" "sd_one_input_is_0" ".Call" "[.data.table" "[" "get_timeBin_x_edges" "similar_route.normal" "similar_route" 
"na.omit" "get_mode" ".Call" "[.data.table" "[" "get_timeBin_x_edges" "similar_route.normal" "similar_route" 
"na.omit" "get_mode" ".Call" "[.data.table" "[" "get_timeBin_x_edges" "similar_route.normal" "similar_route" 
"...elt" "stopifnot" "var" "sd" "sd_one_input_is_0" ".Call" "[.data.table" "[" "get_timeBin_x_edges" "similar_route.normal" "similar_route" 
"unique.default" "unique" "get_mode" ".Call" "[.data.table" "[" "get_timeBin_x_edges" "similar_route.normal" "similar_route" 
"na.omit" "sd_one_input_is_0" ".Call" "[.data.table" "[" "get_timeBin_x_edges" "similar_route.normal" "similar_route" 
"length" "na.omit.default" "na.omit" "get_mode" ".Call" "[.data.table" "[" "get_timeBin_x_edges" "similar_route.normal" "similar_route" 
"na.omit" "get_mode" ".Call" "[.data.table" "[" "get_timeBin_x_edges" "similar_route.normal" "similar_route" 
"var" "sd" "sd_one_input_is_0" ".Call" "[.data.table" "[" "get_timeBin_x_edges" "similar_route.normal" "similar_route" 
"pmatch" "var" "sd" "sd_one_input_is_0" ".Call" "[.data.table" "[" "get_timeBin_x_edges" "similar_route.normal" "similar_route" 
"stopifnot" "var" "sd" "sd_one_input_is_0" ".Call" "[.data.table" "[" "get_timeBin_x_edges" "similar_route.normal" "similar_route" 
"get_mode" ".Call" "[.data.table" "[" "get_timeBin_x_edges" "similar_route.normal" "similar_route" 
"na.omit" "sd_one_input_is_0" ".Call" "[.data.table" "[" "get_timeBin_x_edges" "similar_route.normal" "similar_route" 
"stopifnot" "var" "sd" "sd_one_input_is_0" ".Call" "[.data.table" "[" "get_timeBin_x_edges" "similar_route.normal" "similar_route" 
"tabulate" "get_mode" ".Call" "[.data.table" "[" "get_timeBin_x_edges" "similar_route.normal" "similar_route" 
"var" "sd" "sd_one_input_is_0" ".Call" "[.data.table" "[" "get_timeBin_x_edges" "similar_route.normal" "similar_route" 
"var" "sd" "sd_one_input_is_0" ".Call" "[.data.table" "[" "get_timeBin_x_edges" "similar_route.normal" "similar_route" 
"stopifnot" "var" "sd" "sd_one_input_is_0" ".Call" "[.data.table" "[" "get_timeBin_x_edges" "similar_route.normal" "similar_route" 
"na.omit" "sd_one_input_is_0" ".Call" "[.data.table" "[" "get_timeBin_x_edges" "similar_route.normal" "similar_route" 
"na.omit" "sd_one_input_is_0" ".Call" "[.data.table" "[" "get_timeBin_x_edges" "similar_route.normal" "similar_route" 
".Call" "[.data.table" "[" "get_timeBin_x_edges" "similar_route.normal" "similar_route" 
"get_mode" ".Call" "[.data.table" "[" "get_timeBin_x_edges" "similar_route.normal" "similar_route" 
"na.omit" "get_mode" ".Call" "[.data.table" "[" "get_timeBin_x_edges" "similar_route.normal" "similar_route" 
"stopifnot" "var" "sd" "sd_one_input_is_0" ".Call" "[.data.table" "[" "get_timeBin_x_edges" "similar_route.normal" "similar_route" 
"na.omit" "get_mode" ".Call" "[.data.table" "[" "get_timeBin_x_edges" "similar_route.normal" "similar_route" 
"na.omit" "get_mode" ".Call" "[.data.table" "[" "get_timeBin_x_edges" "similar_route.normal" "similar_route" 
"na.omit" "get_mode" ".Call" "[.data.table" "[" "get_timeBin_x_edges" "similar_route.normal" "similar_route" 
".Call" "[.data.table" "[" "get_timeBin_x_edges" "similar_route.normal" "similar_route" 
".External" ".Call" "[.data.table" "[" "get_timeBin_x_edges" "similar_route.normal" "similar_route" 
"get_mode" ".Call" "[.data.table" "[" "get_timeBin_x_edges" "similar_route.normal" "similar_route" 
"unique" "get_mode" ".Call" "[.data.table" "[" "get_timeBin_x_edges" "similar_route.normal" "similar_route" 
"na.omit" "sd_one_input_is_0" ".Call" "[.data.table" "[" "get_timeBin_x_edges" "similar_route.normal" "similar_route" 
"is.na" "na.omit.default" "na.omit" "get_mode" ".Call" "[.data.table" "[" "get_timeBin_x_edges" "similar_route.normal" "similar_route" 
"na.omit" "sd_one_input_is_0" ".Call" "[.data.table" "[" "get_timeBin_x_edges" "similar_route.normal" "similar_route" 
"unique" "get_mode" ".Call" "[.data.table" "[" "get_timeBin_x_edges" "similar_route.normal" "similar_route" 
".Call" "[.data.table" "[" "get_timeBin_x_edges" "similar_route.normal" "similar_route" 
".Call" "[.data.table" "[" "get_timeBin_x_edges" "similar_route.normal" "similar_route" 
"exists" "home" "setDT" "as.data.table.list" "[.data.table" "[" "unique" ".Call" "[.data.table" "[" "similar_route.normal" "similar_route" 
"strsplit" "is.factor" "sub" "mysub" "is.factor" "sub" "mysub" "trimws" ".parse_on" "[.data.table" "[" ".Call" "[.data.table" "[" "similar_route.normal" "similar_route" 
"[.data.table" "[" ".Call" "[.data.table" "[" "similar_route.normal" "similar_route" 
"ifelse" "eval" "eval" "[.data.table" "[" ".Call" "[.data.table" "[" "similar_route.normal" "similar_route" 
"ifelse" "eval" "eval" "[.data.table" "[" ".Call" "[.data.table" "[" "similar_route.normal" "similar_route" 
"copy" "recycle" "as.data.table.list" "[.data.table" "[" ".Call" "[.data.table" "[" "similar_route.normal" "similar_route" 
"forderv" "[.data.table" "[" ".Call" "[.data.table" "[" "similar_route.normal" "similar_route" 
"&" "eval" "eval" "doTryCatch" "tryCatchOne" "tryCatchList" "doTryCatch" "tryCatchOne" "tryCatchList" "tryCatch" "[.data.table" "[" ".Call" "[.data.table" "[" ".Call" "[.data.table" "[" "similar_route.normal" "similar_route" 
"print.default" "base::print" "print" ".Call" "[.data.table" "[" ".Call" "[.data.table" "[" "similar_route.normal" "similar_route" 
"<=" "eval" "eval" "doTryCatch" "tryCatchOne" "tryCatchList" "doTryCatch" "tryCatchOne" "tryCatchList" "tryCatch" "[.data.table" "[" ".Call" "[.data.table" "[" ".Call" "[.data.table" "[" "similar_route.normal" "similar_route" 
"sys.call" "%in%" "[[.data.frame" "[[" "assign" "[.data.table" "[" ".Call" "[.data.table" "[" ".Call" "[.data.table" "[" "similar_route.normal" "similar_route" 
"as.name" "lockBinding" "[.data.table" "[" ".Call" "[.data.table" "[" ".Call" "[.data.table" "[" "similar_route.normal" "similar_route" 
"exists" "FUN" "lapply" "sapply" "str.default" "NextMethod" "str.data.frame" "utils::str" "...elt" "withVisible" "utils::capture.output" "paste0" "capture_str" "doTryCatch" "tryCatchOne" "tryCatchList" "tryCatch" "try_capture_str" "FUN" "lapply" "inspect_env" "doTryCatch" "tryCatchOne" "tryCatchList" "tryCatch" "cb" 
